+ '[' x64 = x ']'
+ '[' x32 = x ']'
+ srun hostname -s
+ sort -u
+ awk '{ print $0 "-ib slots=32"; }/tmp/hosts.1741088'
+ mv /tmp/tmp.1741088 /tmp/hosts.1741088
+ module load xl_r spectrum-mpi cuda/11.2
++ /usr/share/lmod/lmod/libexec/lmod bash load xl_r spectrum-mpi cuda/11.2
+ eval 'CC=/opt/ibm/xlC/16.1.1/bin/xlc_r;' export 'CC;' 'CCI_SMPI_SET_TS=2021082400;' export 'CCI_SMPI_SET_TS;' 'CPP=/opt/ibm/xlC/16.1.1/bin/xlc_r\' '-E;' export 'CPP;' 'CUDA_HOME=/usr/local/cuda-11.2;' export 'CUDA_HOME;' 'CUDA_PATH=/usr/local/cuda-11.2;' export 'CUDA_PATH;' 'CXX=/opt/ibm/xlC/16.1.1/bin/xlc++_r;' export 'CXX;' 'CXXCPP=/opt/ibm/xlC/16.1.1/bin/xlc++_r\' '-E;' export 'CXXCPP;' 'F77=/opt/ibm/xlf/16.1.1/bin/xlf_r;' export 'F77;' 'F90=/opt/ibm/xlf/16.1.1/bin/xlf90_r;' export 'F90;' 'F95=/opt/ibm/xlf/16.1.1/bin/xlf95_r;' export 'F95;' '__LMOD_REF_COUNT_LD_LIBRARY_PATH=/usr/local/cuda-11.2/lib64:1\;/opt/ibm/spectrum_mpi/profilesupport/lib:1\;/opt/ibm/spectrum_mpi/lib:1\;/opt/mellanox/sharp/lib:1\;/opt/mellanox/hcoll/lib:1;' export '__LMOD_REF_COUNT_LD_LIBRARY_PATH;' 'LD_LIBRARY_PATH=/usr/local/cuda-11.2/lib64:/opt/ibm/spectrum_mpi/profilesupport/lib:/opt/ibm/spectrum_mpi/lib:/opt/mellanox/sharp/lib:/opt/mellanox/hcoll/lib;' export 'LD_LIBRARY_PATH;' 'LMOD_FAMILY_COMPILER=xl_r;' export 'LMOD_FAMILY_COMPILER;' 'LMOD_FAMILY_COMPILER_VERSION=16.1.1;' export 'LMOD_FAMILY_COMPILER_VERSION;' 'LMOD_FAMILY_MPI=spectrum-mpi;' export 'LMOD_FAMILY_MPI;' 'LMOD_FAMILY_MPI_VERSION=10.4;' export 'LMOD_FAMILY_MPI_VERSION;' '__LMOD_REF_COUNT_LOADEDMODULES=xl_r/16.1.1:1\;spectrum-mpi/10.4:1\;cuda/11.2:1;' export '__LMOD_REF_COUNT_LOADEDMODULES;' 'LOADEDMODULES=xl_r/16.1.1:spectrum-mpi/10.4:cuda/11.2;' export 'LOADEDMODULES;' 'MANPATH=/opt/ibm/spectrum_mpi/share/man;' export 'MANPATH;' '__LMOD_REF_COUNT_MODULEPATH=/gpfs/u/software/dcs-rhel8/modulefiles/dcs-rhel8/modulefiles/.spectrum-mpi/10.4/.cuda/11.2:1\;/gpfs/u/software/dcs-rhel8/modulefiles/.spectrum-mpi/10.4:1\;/gpfs/u/software/dcs-rhel8/modulefiles/.xl_r/16.1.1:1\;/gpfs/u/software/dcs-rhel8/modulefiles:1;' export '__LMOD_REF_COUNT_MODULEPATH;' 'MODULEPATH=/gpfs/u/software/dcs-rhel8/modulefiles/dcs-rhel8/modulefiles/.spectrum-mpi/10.4/.cuda/11.2:/gpfs/u/software/dcs-rhel8/modulefiles/.spectrum-mpi/10.4:/gpfs/u/software/dcs-rhel8/modulefiles/.xl_r/16.1.1:/gpfs/u/software/dcs-rhel8/modulefiles;' export 'MODULEPATH;' 'MPI_ROOT=/opt/ibm/spectrum_mpi;' export 'MPI_ROOT;' 'OPAL_LIBDIR=/opt/ibm/spectrum_mpi/lib;' export 'OPAL_LIBDIR;' 'PAMI_ENABLE_STRIPING=0;' export 'PAMI_ENABLE_STRIPING;' 'PAMI_IBV_ADAPTER_AFFINITY=1;' export 'PAMI_IBV_ADAPTER_AFFINITY;' 'PAMI_IBV_ENABLE_OOO_AR=1;' export 'PAMI_IBV_ENABLE_OOO_AR;' '__LMOD_REF_COUNT_PATH=/usr/local/cuda-11.2/bin:1\;/opt/ibm/spectrum_mpi/bin:1\;/opt/ibm/xlf/16.1.1/bin:1\;/opt/ibm/xlC/16.1.1/bin:1\;/usr/lpp/mmfs/bin:1\;/usr/local/bin:1\;/usr/bin:1\;/usr/local/sbin:1\;/usr/sbin:1\;/gpfs/u/home/PCPB/PCPBwldj/.local/bin:1\;/gpfs/u/home/PCPB/PCPBwldj/bin:1;' export '__LMOD_REF_COUNT_PATH;' 'PATH=/usr/local/cuda-11.2/bin:/opt/ibm/spectrum_mpi/bin:/opt/ibm/xlf/16.1.1/bin:/opt/ibm/xlC/16.1.1/bin:/usr/lpp/mmfs/bin:/usr/local/bin:/usr/bin:/usr/local/sbin:/usr/sbin:/gpfs/u/home/PCPB/PCPBwldj/.local/bin:/gpfs/u/home/PCPB/PCPBwldj/bin;' export 'PATH;' '__LMOD_REF_COUNT__LMFILES_=/gpfs/u/software/dcs-rhel8/modulefiles/xl_r/16.1.1.lua:1\;/gpfs/u/software/dcs-rhel8/modulefiles/spectrum-mpi/10.4.lua:1\;/gpfs/u/software/dcs-rhel8/modulefiles/.spectrum-mpi/10.4/cuda/11.2.lua:1;' export '__LMOD_REF_COUNT__LMFILES_;' '_LMFILES_=/gpfs/u/software/dcs-rhel8/modulefiles/xl_r/16.1.1.lua:/gpfs/u/software/dcs-rhel8/modulefiles/spectrum-mpi/10.4.lua:/gpfs/u/software/dcs-rhel8/modulefiles/.spectrum-mpi/10.4/cuda/11.2.lua;' export '_LMFILES_;' '_ModuleTable001_=X01vZHVsZVRhYmxlXz17WyJNVHZlcnNpb24iXT0zLFsiY19yZWJ1aWxkVGltZSJdPWZhbHNlLFsiY19zaG9ydFRpbWUiXT1mYWxzZSxkZXB0aFQ9e30sZmFtaWx5PXtbImNvbXBpbGVyIl09InhsX3IiLFsibXBpIl09InNwZWN0cnVtLW1waSIsfSxtVD17Y3VkYT17WyJmbiJdPSIvZ3Bmcy91L3NvZnR3YXJlL2Rjcy1yaGVsOC9tb2R1bGVmaWxlcy8uc3BlY3RydW0tbXBpLzEwLjQvY3VkYS8xMS4yLmx1YSIsWyJmdWxsTmFtZSJdPSJjdWRhLzExLjIiLFsibG9hZE9yZGVyIl09Myxwcm9wVD17c3RhdGU9e1sidGVzdGluZyJdPTEsfSx9LFsic3RhY2tEZXB0aCJdPTAsWyJzdGF0dXMiXT0iYWN0aXZlIixbInVzZXJOYW1lIl09ImN1ZGEvMTEuMiIsfSxbInNwZWN0cnVtLW1waSJd;' export '_ModuleTable001_;' '_ModuleTable002_=PXtbImZuIl09Ii9ncGZzL3Uvc29mdHdhcmUvZGNzLXJoZWw4L21vZHVsZWZpbGVzL3NwZWN0cnVtLW1waS8xMC40Lmx1YSIsWyJmdWxsTmFtZSJdPSJzcGVjdHJ1bS1tcGkvMTAuNCIsWyJsb2FkT3JkZXIiXT0yLHByb3BUPXtzdGF0ZT17WyJ0ZXN0aW5nIl09MSx9LH0sWyJzdGFja0RlcHRoIl09MCxbInN0YXR1cyJdPSJhY3RpdmUiLFsidXNlck5hbWUiXT0ic3BlY3RydW0tbXBpIix9LHhsX3I9e1siZm4iXT0iL2dwZnMvdS9zb2Z0d2FyZS9kY3MtcmhlbDgvbW9kdWxlZmlsZXMveGxfci8xNi4xLjEubHVhIixbImZ1bGxOYW1lIl09InhsX3IvMTYuMS4xIixbImxvYWRPcmRlciJdPTEscHJvcFQ9e30sWyJzdGFja0RlcHRoIl09MCxbInN0YXR1cyJdPSJhY3RpdmUiLFsidXNl;' export '_ModuleTable002_;' '_ModuleTable003_=ck5hbWUiXT0ieGxfciIsfSx9LG1wYXRoQT17Ii9ncGZzL3Uvc29mdHdhcmUvZGNzLXJoZWw4L21vZHVsZWZpbGVzL2Rjcy1yaGVsOC9tb2R1bGVmaWxlcy8uc3BlY3RydW0tbXBpLzEwLjQvLmN1ZGEvMTEuMiIsIi9ncGZzL3Uvc29mdHdhcmUvZGNzLXJoZWw4L21vZHVsZWZpbGVzLy5zcGVjdHJ1bS1tcGkvMTAuNCIsIi9ncGZzL3Uvc29mdHdhcmUvZGNzLXJoZWw4L21vZHVsZWZpbGVzLy54bF9yLzE2LjEuMSIsIi9ncGZzL3Uvc29mdHdhcmUvZGNzLXJoZWw4L21vZHVsZWZpbGVzIix9LFsic3lzdGVtQmFzZU1QQVRIIl09Ii9ncGZzL3Uvc29mdHdhcmUvZGNzLXJoZWw4L21vZHVsZWZpbGVzIix9;' export '_ModuleTable003_;' '_ModuleTable_Sz_=3;' export '_ModuleTable_Sz_;'
++ CC=/opt/ibm/xlC/16.1.1/bin/xlc_r
++ export CC
++ CCI_SMPI_SET_TS=2021082400
++ export CCI_SMPI_SET_TS
++ CPP='/opt/ibm/xlC/16.1.1/bin/xlc_r -E'
++ export CPP
++ CUDA_HOME=/usr/local/cuda-11.2
++ export CUDA_HOME
++ CUDA_PATH=/usr/local/cuda-11.2
++ export CUDA_PATH
++ CXX=/opt/ibm/xlC/16.1.1/bin/xlc++_r
++ export CXX
++ CXXCPP='/opt/ibm/xlC/16.1.1/bin/xlc++_r -E'
++ export CXXCPP
++ F77=/opt/ibm/xlf/16.1.1/bin/xlf_r
++ export F77
++ F90=/opt/ibm/xlf/16.1.1/bin/xlf90_r
++ export F90
++ F95=/opt/ibm/xlf/16.1.1/bin/xlf95_r
++ export F95
++ __LMOD_REF_COUNT_LD_LIBRARY_PATH='/usr/local/cuda-11.2/lib64:1;/opt/ibm/spectrum_mpi/profilesupport/lib:1;/opt/ibm/spectrum_mpi/lib:1;/opt/mellanox/sharp/lib:1;/opt/mellanox/hcoll/lib:1'
++ export __LMOD_REF_COUNT_LD_LIBRARY_PATH
++ LD_LIBRARY_PATH=/usr/local/cuda-11.2/lib64:/opt/ibm/spectrum_mpi/profilesupport/lib:/opt/ibm/spectrum_mpi/lib:/opt/mellanox/sharp/lib:/opt/mellanox/hcoll/lib
++ export LD_LIBRARY_PATH
++ LMOD_FAMILY_COMPILER=xl_r
++ export LMOD_FAMILY_COMPILER
++ LMOD_FAMILY_COMPILER_VERSION=16.1.1
++ export LMOD_FAMILY_COMPILER_VERSION
++ LMOD_FAMILY_MPI=spectrum-mpi
++ export LMOD_FAMILY_MPI
++ LMOD_FAMILY_MPI_VERSION=10.4
++ export LMOD_FAMILY_MPI_VERSION
++ __LMOD_REF_COUNT_LOADEDMODULES='xl_r/16.1.1:1;spectrum-mpi/10.4:1;cuda/11.2:1'
++ export __LMOD_REF_COUNT_LOADEDMODULES
++ LOADEDMODULES=xl_r/16.1.1:spectrum-mpi/10.4:cuda/11.2
++ export LOADEDMODULES
++ MANPATH=/opt/ibm/spectrum_mpi/share/man
++ export MANPATH
++ __LMOD_REF_COUNT_MODULEPATH='/gpfs/u/software/dcs-rhel8/modulefiles/dcs-rhel8/modulefiles/.spectrum-mpi/10.4/.cuda/11.2:1;/gpfs/u/software/dcs-rhel8/modulefiles/.spectrum-mpi/10.4:1;/gpfs/u/software/dcs-rhel8/modulefiles/.xl_r/16.1.1:1;/gpfs/u/software/dcs-rhel8/modulefiles:1'
++ export __LMOD_REF_COUNT_MODULEPATH
++ MODULEPATH=/gpfs/u/software/dcs-rhel8/modulefiles/dcs-rhel8/modulefiles/.spectrum-mpi/10.4/.cuda/11.2:/gpfs/u/software/dcs-rhel8/modulefiles/.spectrum-mpi/10.4:/gpfs/u/software/dcs-rhel8/modulefiles/.xl_r/16.1.1:/gpfs/u/software/dcs-rhel8/modulefiles
++ export MODULEPATH
++ MPI_ROOT=/opt/ibm/spectrum_mpi
++ export MPI_ROOT
++ OPAL_LIBDIR=/opt/ibm/spectrum_mpi/lib
++ export OPAL_LIBDIR
++ PAMI_ENABLE_STRIPING=0
++ export PAMI_ENABLE_STRIPING
++ PAMI_IBV_ADAPTER_AFFINITY=1
++ export PAMI_IBV_ADAPTER_AFFINITY
++ PAMI_IBV_ENABLE_OOO_AR=1
++ export PAMI_IBV_ENABLE_OOO_AR
++ __LMOD_REF_COUNT_PATH='/usr/local/cuda-11.2/bin:1;/opt/ibm/spectrum_mpi/bin:1;/opt/ibm/xlf/16.1.1/bin:1;/opt/ibm/xlC/16.1.1/bin:1;/usr/lpp/mmfs/bin:1;/usr/local/bin:1;/usr/bin:1;/usr/local/sbin:1;/usr/sbin:1;/gpfs/u/home/PCPB/PCPBwldj/.local/bin:1;/gpfs/u/home/PCPB/PCPBwldj/bin:1'
++ export __LMOD_REF_COUNT_PATH
++ PATH=/usr/local/cuda-11.2/bin:/opt/ibm/spectrum_mpi/bin:/opt/ibm/xlf/16.1.1/bin:/opt/ibm/xlC/16.1.1/bin:/usr/lpp/mmfs/bin:/usr/local/bin:/usr/bin:/usr/local/sbin:/usr/sbin:/gpfs/u/home/PCPB/PCPBwldj/.local/bin:/gpfs/u/home/PCPB/PCPBwldj/bin
++ export PATH
++ __LMOD_REF_COUNT__LMFILES_='/gpfs/u/software/dcs-rhel8/modulefiles/xl_r/16.1.1.lua:1;/gpfs/u/software/dcs-rhel8/modulefiles/spectrum-mpi/10.4.lua:1;/gpfs/u/software/dcs-rhel8/modulefiles/.spectrum-mpi/10.4/cuda/11.2.lua:1'
++ export __LMOD_REF_COUNT__LMFILES_
++ _LMFILES_=/gpfs/u/software/dcs-rhel8/modulefiles/xl_r/16.1.1.lua:/gpfs/u/software/dcs-rhel8/modulefiles/spectrum-mpi/10.4.lua:/gpfs/u/software/dcs-rhel8/modulefiles/.spectrum-mpi/10.4/cuda/11.2.lua
++ export _LMFILES_
++ _ModuleTable001_=X01vZHVsZVRhYmxlXz17WyJNVHZlcnNpb24iXT0zLFsiY19yZWJ1aWxkVGltZSJdPWZhbHNlLFsiY19zaG9ydFRpbWUiXT1mYWxzZSxkZXB0aFQ9e30sZmFtaWx5PXtbImNvbXBpbGVyIl09InhsX3IiLFsibXBpIl09InNwZWN0cnVtLW1waSIsfSxtVD17Y3VkYT17WyJmbiJdPSIvZ3Bmcy91L3NvZnR3YXJlL2Rjcy1yaGVsOC9tb2R1bGVmaWxlcy8uc3BlY3RydW0tbXBpLzEwLjQvY3VkYS8xMS4yLmx1YSIsWyJmdWxsTmFtZSJdPSJjdWRhLzExLjIiLFsibG9hZE9yZGVyIl09Myxwcm9wVD17c3RhdGU9e1sidGVzdGluZyJdPTEsfSx9LFsic3RhY2tEZXB0aCJdPTAsWyJzdGF0dXMiXT0iYWN0aXZlIixbInVzZXJOYW1lIl09ImN1ZGEvMTEuMiIsfSxbInNwZWN0cnVtLW1waSJd
++ export _ModuleTable001_
++ _ModuleTable002_=PXtbImZuIl09Ii9ncGZzL3Uvc29mdHdhcmUvZGNzLXJoZWw4L21vZHVsZWZpbGVzL3NwZWN0cnVtLW1waS8xMC40Lmx1YSIsWyJmdWxsTmFtZSJdPSJzcGVjdHJ1bS1tcGkvMTAuNCIsWyJsb2FkT3JkZXIiXT0yLHByb3BUPXtzdGF0ZT17WyJ0ZXN0aW5nIl09MSx9LH0sWyJzdGFja0RlcHRoIl09MCxbInN0YXR1cyJdPSJhY3RpdmUiLFsidXNlck5hbWUiXT0ic3BlY3RydW0tbXBpIix9LHhsX3I9e1siZm4iXT0iL2dwZnMvdS9zb2Z0d2FyZS9kY3MtcmhlbDgvbW9kdWxlZmlsZXMveGxfci8xNi4xLjEubHVhIixbImZ1bGxOYW1lIl09InhsX3IvMTYuMS4xIixbImxvYWRPcmRlciJdPTEscHJvcFQ9e30sWyJzdGFja0RlcHRoIl09MCxbInN0YXR1cyJdPSJhY3RpdmUiLFsidXNl
++ export _ModuleTable002_
++ _ModuleTable003_=ck5hbWUiXT0ieGxfciIsfSx9LG1wYXRoQT17Ii9ncGZzL3Uvc29mdHdhcmUvZGNzLXJoZWw4L21vZHVsZWZpbGVzL2Rjcy1yaGVsOC9tb2R1bGVmaWxlcy8uc3BlY3RydW0tbXBpLzEwLjQvLmN1ZGEvMTEuMiIsIi9ncGZzL3Uvc29mdHdhcmUvZGNzLXJoZWw4L21vZHVsZWZpbGVzLy5zcGVjdHJ1bS1tcGkvMTAuNCIsIi9ncGZzL3Uvc29mdHdhcmUvZGNzLXJoZWw4L21vZHVsZWZpbGVzLy54bF9yLzE2LjEuMSIsIi9ncGZzL3Uvc29mdHdhcmUvZGNzLXJoZWw4L21vZHVsZWZpbGVzIix9LFsic3lzdGVtQmFzZU1QQVRIIl09Ii9ncGZzL3Uvc29mdHdhcmUvZGNzLXJoZWw4L21vZHVsZWZpbGVzIix9
++ export _ModuleTable003_
++ _ModuleTable_Sz_=3
++ export _ModuleTable_Sz_
++ : -s sh
+ eval
+ mpirun -hostfile /tmp/hosts.1741088 -np 64 /gpfs/u/home/PCPB/PCPBwldj/scratch/CSCI-6360-Parallel-Computing/Assignment5/benchmark.out
[dcs019:1656075] [[32479,0],0] ORTE_ERROR_LOG: Take next option in file ../../../../../opensrc/ompi/orte/mca/rmaps/base/rmaps_base_support_fns.c at line 66
[dcs019:1656075] [[32479,0],0] ORTE_ERROR_LOG: Take next option in file ../../../../../opensrc/ompi/orte/mca/rmaps/base/rmaps_base_support_fns.c at line 66
Benchmarking for scratch:
	Blocksize 0.125000 MB, Filesize: 256.000000 MB:
		Write:
			9.639187 Seconds
			26.558256 MB/S
		Read:
			0.100941 Seconds
			2536.140810 MB/S
	Blocksize 0.250000 MB, Filesize: 512.000000 MB:
		Write:
			8.792540 Seconds
			58.231180 MB/S
		Read:
			0.004109 Seconds
			124604.526649 MB/S
	Blocksize 0.500000 MB, Filesize: 1024.000000 MB:
		Write:
			10.179745 Seconds
			100.591913 MB/S
		Read:
			0.006800 Seconds
			150588.667821 MB/S
	Blocksize 1.000000 MB, Filesize: 2048.000000 MB:
		Write:
			9.654569 Seconds
			212.127533 MB/S
		Read:
			0.012922 Seconds
			158495.051564 MB/S
	Blocksize 2.000000 MB, Filesize: 4096.000000 MB:
		Write:
			8.625888 Seconds
			474.849638 MB/S
		Read:
			0.045674 Seconds
			89679.777453 MB/S
	Blocksize 4.000000 MB, Filesize: 8192.000000 MB:
		Write:
			9.427527 Seconds
			868.944716 MB/S
		Read:
			0.175512 Seconds
			46674.920577 MB/S
	Blocksize 8.000000 MB, Filesize: 16384.000000 MB:
		Write:
			7.978956 Seconds
			2053.401578 MB/S
		Read:
			0.369931 Seconds
			44289.392824 MB/S
	Blocksize 16.000000 MB, Filesize: 32768.000000 MB:
		Write:
			23.962549 Seconds
			1367.467199 MB/S
		Read:
			0.760598 Seconds
			43081.864941 MB/S
Benchmarking for NVMe:
	Blocksize 0.125000 MB, Filesize: 256.000000 MB:
		Write:
			0.000008 Seconds
			30249711.516270 MB/S
		Read:
			0.000008 Seconds
			31591226.801639 MB/S
	Blocksize 0.250000 MB, Filesize: 512.000000 MB:
		Write:
			0.000006 Seconds
			82409305.249921 MB/S
		Read:
			0.000008 Seconds
			67268154.991019 MB/S
	Blocksize 0.500000 MB, Filesize: 1024.000000 MB:
		Write:
			0.000006 Seconds
			163993744.135127 MB/S
		Read:
			0.000008 Seconds
			133338758.901322 MB/S
	Blocksize 1.000000 MB, Filesize: 2048.000000 MB:
		Write:
			0.000006 Seconds
			329430097.392397 MB/S
		Read:
			0.000007 Seconds
			274784067.085954 MB/S
	Blocksize 2.000000 MB, Filesize: 4096.000000 MB:
		Write:
			0.000006 Seconds
			651289440.993789 MB/S
		Read:
			0.000007 Seconds
			550144805.876181 MB/S
	Blocksize 4.000000 MB, Filesize: 8192.000000 MB:
		Write:
			0.000007 Seconds
			1138519001.085776 MB/S
		Read:
			0.000008 Seconds
			1059702880.242547 MB/S
	Blocksize 8.000000 MB, Filesize: 16384.000000 MB:
		Write:
			0.000006 Seconds
			2730666666.666667 MB/S
		Read:
			0.000007 Seconds
			2209272583.618646 MB/S
	Blocksize 16.000000 MB, Filesize: 32768.000000 MB:
		Write:
			0.000006 Seconds
			5194184520.123839 MB/S
		Read:
			0.000008 Seconds
			4025243761.996161 MB/S
+ rm /tmp/hosts.1741088
