+ '[' x64 = x ']'
+ '[' x32 = x ']'
+ srun hostname -s
+ sort -u
+ awk '{ print $0 "-ib slots=32"; }/tmp/hosts.1741067'
+ mv /tmp/tmp.1741067 /tmp/hosts.1741067
+ module load xl_r spectrum-mpi cuda/11.2
++ /usr/share/lmod/lmod/libexec/lmod bash load xl_r spectrum-mpi cuda/11.2
+ eval 'CC=/opt/ibm/xlC/16.1.1/bin/xlc_r;' export 'CC;' 'CCI_SMPI_SET_TS=2021082400;' export 'CCI_SMPI_SET_TS;' 'CPP=/opt/ibm/xlC/16.1.1/bin/xlc_r\' '-E;' export 'CPP;' 'CUDA_HOME=/usr/local/cuda-11.2;' export 'CUDA_HOME;' 'CUDA_PATH=/usr/local/cuda-11.2;' export 'CUDA_PATH;' 'CXX=/opt/ibm/xlC/16.1.1/bin/xlc++_r;' export 'CXX;' 'CXXCPP=/opt/ibm/xlC/16.1.1/bin/xlc++_r\' '-E;' export 'CXXCPP;' 'F77=/opt/ibm/xlf/16.1.1/bin/xlf_r;' export 'F77;' 'F90=/opt/ibm/xlf/16.1.1/bin/xlf90_r;' export 'F90;' 'F95=/opt/ibm/xlf/16.1.1/bin/xlf95_r;' export 'F95;' '__LMOD_REF_COUNT_LD_LIBRARY_PATH=/usr/local/cuda-11.2/lib64:1\;/opt/ibm/spectrum_mpi/profilesupport/lib:1\;/opt/ibm/spectrum_mpi/lib:1\;/opt/mellanox/sharp/lib:1\;/opt/mellanox/hcoll/lib:1;' export '__LMOD_REF_COUNT_LD_LIBRARY_PATH;' 'LD_LIBRARY_PATH=/usr/local/cuda-11.2/lib64:/opt/ibm/spectrum_mpi/profilesupport/lib:/opt/ibm/spectrum_mpi/lib:/opt/mellanox/sharp/lib:/opt/mellanox/hcoll/lib;' export 'LD_LIBRARY_PATH;' 'LMOD_FAMILY_COMPILER=xl_r;' export 'LMOD_FAMILY_COMPILER;' 'LMOD_FAMILY_COMPILER_VERSION=16.1.1;' export 'LMOD_FAMILY_COMPILER_VERSION;' 'LMOD_FAMILY_MPI=spectrum-mpi;' export 'LMOD_FAMILY_MPI;' 'LMOD_FAMILY_MPI_VERSION=10.4;' export 'LMOD_FAMILY_MPI_VERSION;' '__LMOD_REF_COUNT_LOADEDMODULES=xl_r/16.1.1:1\;spectrum-mpi/10.4:1\;cuda/11.2:1;' export '__LMOD_REF_COUNT_LOADEDMODULES;' 'LOADEDMODULES=xl_r/16.1.1:spectrum-mpi/10.4:cuda/11.2;' export 'LOADEDMODULES;' 'MANPATH=/opt/ibm/spectrum_mpi/share/man;' export 'MANPATH;' '__LMOD_REF_COUNT_MODULEPATH=/gpfs/u/software/dcs-rhel8/modulefiles/dcs-rhel8/modulefiles/.spectrum-mpi/10.4/.cuda/11.2:1\;/gpfs/u/software/dcs-rhel8/modulefiles/.spectrum-mpi/10.4:1\;/gpfs/u/software/dcs-rhel8/modulefiles/.xl_r/16.1.1:1\;/gpfs/u/software/dcs-rhel8/modulefiles:1;' export '__LMOD_REF_COUNT_MODULEPATH;' 'MODULEPATH=/gpfs/u/software/dcs-rhel8/modulefiles/dcs-rhel8/modulefiles/.spectrum-mpi/10.4/.cuda/11.2:/gpfs/u/software/dcs-rhel8/modulefiles/.spectrum-mpi/10.4:/gpfs/u/software/dcs-rhel8/modulefiles/.xl_r/16.1.1:/gpfs/u/software/dcs-rhel8/modulefiles;' export 'MODULEPATH;' 'MPI_ROOT=/opt/ibm/spectrum_mpi;' export 'MPI_ROOT;' 'OPAL_LIBDIR=/opt/ibm/spectrum_mpi/lib;' export 'OPAL_LIBDIR;' 'PAMI_ENABLE_STRIPING=0;' export 'PAMI_ENABLE_STRIPING;' 'PAMI_IBV_ADAPTER_AFFINITY=1;' export 'PAMI_IBV_ADAPTER_AFFINITY;' 'PAMI_IBV_ENABLE_OOO_AR=1;' export 'PAMI_IBV_ENABLE_OOO_AR;' '__LMOD_REF_COUNT_PATH=/usr/local/cuda-11.2/bin:1\;/opt/ibm/spectrum_mpi/bin:1\;/opt/ibm/xlf/16.1.1/bin:1\;/opt/ibm/xlC/16.1.1/bin:1\;/usr/lpp/mmfs/bin:1\;/usr/local/bin:1\;/usr/bin:1\;/usr/local/sbin:1\;/usr/sbin:1\;/gpfs/u/home/PCPB/PCPBwldj/.local/bin:1\;/gpfs/u/home/PCPB/PCPBwldj/bin:1;' export '__LMOD_REF_COUNT_PATH;' 'PATH=/usr/local/cuda-11.2/bin:/opt/ibm/spectrum_mpi/bin:/opt/ibm/xlf/16.1.1/bin:/opt/ibm/xlC/16.1.1/bin:/usr/lpp/mmfs/bin:/usr/local/bin:/usr/bin:/usr/local/sbin:/usr/sbin:/gpfs/u/home/PCPB/PCPBwldj/.local/bin:/gpfs/u/home/PCPB/PCPBwldj/bin;' export 'PATH;' '__LMOD_REF_COUNT__LMFILES_=/gpfs/u/software/dcs-rhel8/modulefiles/xl_r/16.1.1.lua:1\;/gpfs/u/software/dcs-rhel8/modulefiles/spectrum-mpi/10.4.lua:1\;/gpfs/u/software/dcs-rhel8/modulefiles/.spectrum-mpi/10.4/cuda/11.2.lua:1;' export '__LMOD_REF_COUNT__LMFILES_;' '_LMFILES_=/gpfs/u/software/dcs-rhel8/modulefiles/xl_r/16.1.1.lua:/gpfs/u/software/dcs-rhel8/modulefiles/spectrum-mpi/10.4.lua:/gpfs/u/software/dcs-rhel8/modulefiles/.spectrum-mpi/10.4/cuda/11.2.lua;' export '_LMFILES_;' '_ModuleTable001_=X01vZHVsZVRhYmxlXz17WyJNVHZlcnNpb24iXT0zLFsiY19yZWJ1aWxkVGltZSJdPWZhbHNlLFsiY19zaG9ydFRpbWUiXT1mYWxzZSxkZXB0aFQ9e30sZmFtaWx5PXtbImNvbXBpbGVyIl09InhsX3IiLFsibXBpIl09InNwZWN0cnVtLW1waSIsfSxtVD17Y3VkYT17WyJmbiJdPSIvZ3Bmcy91L3NvZnR3YXJlL2Rjcy1yaGVsOC9tb2R1bGVmaWxlcy8uc3BlY3RydW0tbXBpLzEwLjQvY3VkYS8xMS4yLmx1YSIsWyJmdWxsTmFtZSJdPSJjdWRhLzExLjIiLFsibG9hZE9yZGVyIl09Myxwcm9wVD17c3RhdGU9e1sidGVzdGluZyJdPTEsfSx9LFsic3RhY2tEZXB0aCJdPTAsWyJzdGF0dXMiXT0iYWN0aXZlIixbInVzZXJOYW1lIl09ImN1ZGEvMTEuMiIsfSxbInNwZWN0cnVtLW1waSJd;' export '_ModuleTable001_;' '_ModuleTable002_=PXtbImZuIl09Ii9ncGZzL3Uvc29mdHdhcmUvZGNzLXJoZWw4L21vZHVsZWZpbGVzL3NwZWN0cnVtLW1waS8xMC40Lmx1YSIsWyJmdWxsTmFtZSJdPSJzcGVjdHJ1bS1tcGkvMTAuNCIsWyJsb2FkT3JkZXIiXT0yLHByb3BUPXtzdGF0ZT17WyJ0ZXN0aW5nIl09MSx9LH0sWyJzdGFja0RlcHRoIl09MCxbInN0YXR1cyJdPSJhY3RpdmUiLFsidXNlck5hbWUiXT0ic3BlY3RydW0tbXBpIix9LHhsX3I9e1siZm4iXT0iL2dwZnMvdS9zb2Z0d2FyZS9kY3MtcmhlbDgvbW9kdWxlZmlsZXMveGxfci8xNi4xLjEubHVhIixbImZ1bGxOYW1lIl09InhsX3IvMTYuMS4xIixbImxvYWRPcmRlciJdPTEscHJvcFQ9e30sWyJzdGFja0RlcHRoIl09MCxbInN0YXR1cyJdPSJhY3RpdmUiLFsidXNl;' export '_ModuleTable002_;' '_ModuleTable003_=ck5hbWUiXT0ieGxfciIsfSx9LG1wYXRoQT17Ii9ncGZzL3Uvc29mdHdhcmUvZGNzLXJoZWw4L21vZHVsZWZpbGVzL2Rjcy1yaGVsOC9tb2R1bGVmaWxlcy8uc3BlY3RydW0tbXBpLzEwLjQvLmN1ZGEvMTEuMiIsIi9ncGZzL3Uvc29mdHdhcmUvZGNzLXJoZWw4L21vZHVsZWZpbGVzLy5zcGVjdHJ1bS1tcGkvMTAuNCIsIi9ncGZzL3Uvc29mdHdhcmUvZGNzLXJoZWw4L21vZHVsZWZpbGVzLy54bF9yLzE2LjEuMSIsIi9ncGZzL3Uvc29mdHdhcmUvZGNzLXJoZWw4L21vZHVsZWZpbGVzIix9LFsic3lzdGVtQmFzZU1QQVRIIl09Ii9ncGZzL3Uvc29mdHdhcmUvZGNzLXJoZWw4L21vZHVsZWZpbGVzIix9;' export '_ModuleTable003_;' '_ModuleTable_Sz_=3;' export '_ModuleTable_Sz_;'
++ CC=/opt/ibm/xlC/16.1.1/bin/xlc_r
++ export CC
++ CCI_SMPI_SET_TS=2021082400
++ export CCI_SMPI_SET_TS
++ CPP='/opt/ibm/xlC/16.1.1/bin/xlc_r -E'
++ export CPP
++ CUDA_HOME=/usr/local/cuda-11.2
++ export CUDA_HOME
++ CUDA_PATH=/usr/local/cuda-11.2
++ export CUDA_PATH
++ CXX=/opt/ibm/xlC/16.1.1/bin/xlc++_r
++ export CXX
++ CXXCPP='/opt/ibm/xlC/16.1.1/bin/xlc++_r -E'
++ export CXXCPP
++ F77=/opt/ibm/xlf/16.1.1/bin/xlf_r
++ export F77
++ F90=/opt/ibm/xlf/16.1.1/bin/xlf90_r
++ export F90
++ F95=/opt/ibm/xlf/16.1.1/bin/xlf95_r
++ export F95
++ __LMOD_REF_COUNT_LD_LIBRARY_PATH='/usr/local/cuda-11.2/lib64:1;/opt/ibm/spectrum_mpi/profilesupport/lib:1;/opt/ibm/spectrum_mpi/lib:1;/opt/mellanox/sharp/lib:1;/opt/mellanox/hcoll/lib:1'
++ export __LMOD_REF_COUNT_LD_LIBRARY_PATH
++ LD_LIBRARY_PATH=/usr/local/cuda-11.2/lib64:/opt/ibm/spectrum_mpi/profilesupport/lib:/opt/ibm/spectrum_mpi/lib:/opt/mellanox/sharp/lib:/opt/mellanox/hcoll/lib
++ export LD_LIBRARY_PATH
++ LMOD_FAMILY_COMPILER=xl_r
++ export LMOD_FAMILY_COMPILER
++ LMOD_FAMILY_COMPILER_VERSION=16.1.1
++ export LMOD_FAMILY_COMPILER_VERSION
++ LMOD_FAMILY_MPI=spectrum-mpi
++ export LMOD_FAMILY_MPI
++ LMOD_FAMILY_MPI_VERSION=10.4
++ export LMOD_FAMILY_MPI_VERSION
++ __LMOD_REF_COUNT_LOADEDMODULES='xl_r/16.1.1:1;spectrum-mpi/10.4:1;cuda/11.2:1'
++ export __LMOD_REF_COUNT_LOADEDMODULES
++ LOADEDMODULES=xl_r/16.1.1:spectrum-mpi/10.4:cuda/11.2
++ export LOADEDMODULES
++ MANPATH=/opt/ibm/spectrum_mpi/share/man
++ export MANPATH
++ __LMOD_REF_COUNT_MODULEPATH='/gpfs/u/software/dcs-rhel8/modulefiles/dcs-rhel8/modulefiles/.spectrum-mpi/10.4/.cuda/11.2:1;/gpfs/u/software/dcs-rhel8/modulefiles/.spectrum-mpi/10.4:1;/gpfs/u/software/dcs-rhel8/modulefiles/.xl_r/16.1.1:1;/gpfs/u/software/dcs-rhel8/modulefiles:1'
++ export __LMOD_REF_COUNT_MODULEPATH
++ MODULEPATH=/gpfs/u/software/dcs-rhel8/modulefiles/dcs-rhel8/modulefiles/.spectrum-mpi/10.4/.cuda/11.2:/gpfs/u/software/dcs-rhel8/modulefiles/.spectrum-mpi/10.4:/gpfs/u/software/dcs-rhel8/modulefiles/.xl_r/16.1.1:/gpfs/u/software/dcs-rhel8/modulefiles
++ export MODULEPATH
++ MPI_ROOT=/opt/ibm/spectrum_mpi
++ export MPI_ROOT
++ OPAL_LIBDIR=/opt/ibm/spectrum_mpi/lib
++ export OPAL_LIBDIR
++ PAMI_ENABLE_STRIPING=0
++ export PAMI_ENABLE_STRIPING
++ PAMI_IBV_ADAPTER_AFFINITY=1
++ export PAMI_IBV_ADAPTER_AFFINITY
++ PAMI_IBV_ENABLE_OOO_AR=1
++ export PAMI_IBV_ENABLE_OOO_AR
++ __LMOD_REF_COUNT_PATH='/usr/local/cuda-11.2/bin:1;/opt/ibm/spectrum_mpi/bin:1;/opt/ibm/xlf/16.1.1/bin:1;/opt/ibm/xlC/16.1.1/bin:1;/usr/lpp/mmfs/bin:1;/usr/local/bin:1;/usr/bin:1;/usr/local/sbin:1;/usr/sbin:1;/gpfs/u/home/PCPB/PCPBwldj/.local/bin:1;/gpfs/u/home/PCPB/PCPBwldj/bin:1'
++ export __LMOD_REF_COUNT_PATH
++ PATH=/usr/local/cuda-11.2/bin:/opt/ibm/spectrum_mpi/bin:/opt/ibm/xlf/16.1.1/bin:/opt/ibm/xlC/16.1.1/bin:/usr/lpp/mmfs/bin:/usr/local/bin:/usr/bin:/usr/local/sbin:/usr/sbin:/gpfs/u/home/PCPB/PCPBwldj/.local/bin:/gpfs/u/home/PCPB/PCPBwldj/bin
++ export PATH
++ __LMOD_REF_COUNT__LMFILES_='/gpfs/u/software/dcs-rhel8/modulefiles/xl_r/16.1.1.lua:1;/gpfs/u/software/dcs-rhel8/modulefiles/spectrum-mpi/10.4.lua:1;/gpfs/u/software/dcs-rhel8/modulefiles/.spectrum-mpi/10.4/cuda/11.2.lua:1'
++ export __LMOD_REF_COUNT__LMFILES_
++ _LMFILES_=/gpfs/u/software/dcs-rhel8/modulefiles/xl_r/16.1.1.lua:/gpfs/u/software/dcs-rhel8/modulefiles/spectrum-mpi/10.4.lua:/gpfs/u/software/dcs-rhel8/modulefiles/.spectrum-mpi/10.4/cuda/11.2.lua
++ export _LMFILES_
++ _ModuleTable001_=X01vZHVsZVRhYmxlXz17WyJNVHZlcnNpb24iXT0zLFsiY19yZWJ1aWxkVGltZSJdPWZhbHNlLFsiY19zaG9ydFRpbWUiXT1mYWxzZSxkZXB0aFQ9e30sZmFtaWx5PXtbImNvbXBpbGVyIl09InhsX3IiLFsibXBpIl09InNwZWN0cnVtLW1waSIsfSxtVD17Y3VkYT17WyJmbiJdPSIvZ3Bmcy91L3NvZnR3YXJlL2Rjcy1yaGVsOC9tb2R1bGVmaWxlcy8uc3BlY3RydW0tbXBpLzEwLjQvY3VkYS8xMS4yLmx1YSIsWyJmdWxsTmFtZSJdPSJjdWRhLzExLjIiLFsibG9hZE9yZGVyIl09Myxwcm9wVD17c3RhdGU9e1sidGVzdGluZyJdPTEsfSx9LFsic3RhY2tEZXB0aCJdPTAsWyJzdGF0dXMiXT0iYWN0aXZlIixbInVzZXJOYW1lIl09ImN1ZGEvMTEuMiIsfSxbInNwZWN0cnVtLW1waSJd
++ export _ModuleTable001_
++ _ModuleTable002_=PXtbImZuIl09Ii9ncGZzL3Uvc29mdHdhcmUvZGNzLXJoZWw4L21vZHVsZWZpbGVzL3NwZWN0cnVtLW1waS8xMC40Lmx1YSIsWyJmdWxsTmFtZSJdPSJzcGVjdHJ1bS1tcGkvMTAuNCIsWyJsb2FkT3JkZXIiXT0yLHByb3BUPXtzdGF0ZT17WyJ0ZXN0aW5nIl09MSx9LH0sWyJzdGFja0RlcHRoIl09MCxbInN0YXR1cyJdPSJhY3RpdmUiLFsidXNlck5hbWUiXT0ic3BlY3RydW0tbXBpIix9LHhsX3I9e1siZm4iXT0iL2dwZnMvdS9zb2Z0d2FyZS9kY3MtcmhlbDgvbW9kdWxlZmlsZXMveGxfci8xNi4xLjEubHVhIixbImZ1bGxOYW1lIl09InhsX3IvMTYuMS4xIixbImxvYWRPcmRlciJdPTEscHJvcFQ9e30sWyJzdGFja0RlcHRoIl09MCxbInN0YXR1cyJdPSJhY3RpdmUiLFsidXNl
++ export _ModuleTable002_
++ _ModuleTable003_=ck5hbWUiXT0ieGxfciIsfSx9LG1wYXRoQT17Ii9ncGZzL3Uvc29mdHdhcmUvZGNzLXJoZWw4L21vZHVsZWZpbGVzL2Rjcy1yaGVsOC9tb2R1bGVmaWxlcy8uc3BlY3RydW0tbXBpLzEwLjQvLmN1ZGEvMTEuMiIsIi9ncGZzL3Uvc29mdHdhcmUvZGNzLXJoZWw4L21vZHVsZWZpbGVzLy5zcGVjdHJ1bS1tcGkvMTAuNCIsIi9ncGZzL3Uvc29mdHdhcmUvZGNzLXJoZWw4L21vZHVsZWZpbGVzLy54bF9yLzE2LjEuMSIsIi9ncGZzL3Uvc29mdHdhcmUvZGNzLXJoZWw4L21vZHVsZWZpbGVzIix9LFsic3lzdGVtQmFzZU1QQVRIIl09Ii9ncGZzL3Uvc29mdHdhcmUvZGNzLXJoZWw4L21vZHVsZWZpbGVzIix9
++ export _ModuleTable003_
++ _ModuleTable_Sz_=3
++ export _ModuleTable_Sz_
++ : -s sh
+ eval
+ mpirun -hostfile /tmp/hosts.1741067 -np 64 /gpfs/u/home/PCPB/PCPBwldj/scratch/CSCI-6360-Parallel-Computing/Assignment5/benchmark.out
[dcs019:1655268] [[31280,0],0] ORTE_ERROR_LOG: Take next option in file ../../../../../opensrc/ompi/orte/mca/rmaps/base/rmaps_base_support_fns.c at line 66
[dcs019:1655268] [[31280,0],0] ORTE_ERROR_LOG: Take next option in file ../../../../../opensrc/ompi/orte/mca/rmaps/base/rmaps_base_support_fns.c at line 66
Benchmarking for scratch:
	Blocksize 0.125000 MB, Filesize: 256.000000 MB:
		Write:
			3.449042 Seconds
			74.223508 MB/S
		Read:
			0.185513 Seconds
			1379.959190 MB/S
	Blocksize 0.250000 MB, Filesize: 512.000000 MB:
		Write:
			3.304468 Seconds
			154.941710 MB/S
		Read:
			0.117616 Seconds
			4353.146774 MB/S
	Blocksize 0.500000 MB, Filesize: 1024.000000 MB:
		Write:
			6.422847 Seconds
			159.430845 MB/S
		Read:
			0.257302 Seconds
			3979.756293 MB/S
	Blocksize 1.000000 MB, Filesize: 2048.000000 MB:
		Write:
			9.412595 Seconds
			217.580815 MB/S
		Read:
			0.165031 Seconds
			12409.753399 MB/S
	Blocksize 2.000000 MB, Filesize: 4096.000000 MB:
		Write:
			10.475708 Seconds
			390.999817 MB/S
		Read:
			0.138795 Seconds
			29511.058591 MB/S
	Blocksize 4.000000 MB, Filesize: 8192.000000 MB:
		Write:
			8.682247 Seconds
			943.534539 MB/S
		Read:
			0.247180 Seconds
			33141.900186 MB/S
	Blocksize 8.000000 MB, Filesize: 16384.000000 MB:
		Write:
			1.274448 Seconds
			12855.762222 MB/S
		Read:
			0.358469 Seconds
			45705.524987 MB/S
	Blocksize 16.000000 MB, Filesize: 32768.000000 MB:
		Write:
			2.462597 Seconds
			13306.276766 MB/S
		Read:
			0.792149 Seconds
			41365.948309 MB/S
Benchmarking for NVMe:
	Blocksize 0.125000 MB, Filesize: 256.000000 MB:
		Write:
			0.000007 Seconds
			39290167.865707 MB/S
		Read:
			0.000010 Seconds
			25406474.122892 MB/S
	Blocksize 0.250000 MB, Filesize: 512.000000 MB:
		Write:
			0.000005 Seconds
			105703225.806452 MB/S
		Read:
			0.000010 Seconds
			52407836.865254 MB/S
	Blocksize 0.500000 MB, Filesize: 1024.000000 MB:
		Write:
			0.000005 Seconds
			223101276.595745 MB/S
		Read:
			0.000009 Seconds
			111526909.168262 MB/S
	Blocksize 1.000000 MB, Filesize: 2048.000000 MB:
		Write:
			0.000005 Seconds
			441134202.776609 MB/S
		Read:
			0.000009 Seconds
			235001344.688481 MB/S
	Blocksize 2.000000 MB, Filesize: 4096.000000 MB:
		Write:
			0.000005 Seconds
			787219219.219219 MB/S
		Read:
			0.000009 Seconds
			433474989.665151 MB/S
	Blocksize 4.000000 MB, Filesize: 8192.000000 MB:
		Write:
			0.000004 Seconds
			1882542190.305207 MB/S
		Read:
			0.000009 Seconds
			953467606.274153 MB/S
	Blocksize 8.000000 MB, Filesize: 16384.000000 MB:
		Write:
			0.000005 Seconds
			3076130546.387972 MB/S
		Read:
			0.000009 Seconds
			1831173979.480463 MB/S
	Blocksize 16.000000 MB, Filesize: 32768.000000 MB:
		Write:
			0.000005 Seconds
			6626072669.826224 MB/S
		Read:
			0.000009 Seconds
			3718354609.929078 MB/S
+ rm /tmp/hosts.1741067
