+ '[' x64 = x ']'
+ '[' x32 = x ']'
+ srun hostname -s
+ sort -u
+ awk '{ print $0 "-ib slots=32"; }/tmp/hosts.1741126'
+ mv /tmp/tmp.1741126 /tmp/hosts.1741126
+ module load xl_r spectrum-mpi cuda/11.2
++ /usr/share/lmod/lmod/libexec/lmod bash load xl_r spectrum-mpi cuda/11.2
+ eval 'CC=/opt/ibm/xlC/16.1.1/bin/xlc_r;' export 'CC;' 'CCI_SMPI_SET_TS=2021082400;' export 'CCI_SMPI_SET_TS;' 'CPP=/opt/ibm/xlC/16.1.1/bin/xlc_r\' '-E;' export 'CPP;' 'CUDA_HOME=/usr/local/cuda-11.2;' export 'CUDA_HOME;' 'CUDA_PATH=/usr/local/cuda-11.2;' export 'CUDA_PATH;' 'CXX=/opt/ibm/xlC/16.1.1/bin/xlc++_r;' export 'CXX;' 'CXXCPP=/opt/ibm/xlC/16.1.1/bin/xlc++_r\' '-E;' export 'CXXCPP;' 'F77=/opt/ibm/xlf/16.1.1/bin/xlf_r;' export 'F77;' 'F90=/opt/ibm/xlf/16.1.1/bin/xlf90_r;' export 'F90;' 'F95=/opt/ibm/xlf/16.1.1/bin/xlf95_r;' export 'F95;' '__LMOD_REF_COUNT_LD_LIBRARY_PATH=/usr/local/cuda-11.2/lib64:1\;/opt/ibm/spectrum_mpi/profilesupport/lib:1\;/opt/ibm/spectrum_mpi/lib:1\;/opt/mellanox/sharp/lib:1\;/opt/mellanox/hcoll/lib:1;' export '__LMOD_REF_COUNT_LD_LIBRARY_PATH;' 'LD_LIBRARY_PATH=/usr/local/cuda-11.2/lib64:/opt/ibm/spectrum_mpi/profilesupport/lib:/opt/ibm/spectrum_mpi/lib:/opt/mellanox/sharp/lib:/opt/mellanox/hcoll/lib;' export 'LD_LIBRARY_PATH;' 'LMOD_FAMILY_COMPILER=xl_r;' export 'LMOD_FAMILY_COMPILER;' 'LMOD_FAMILY_COMPILER_VERSION=16.1.1;' export 'LMOD_FAMILY_COMPILER_VERSION;' 'LMOD_FAMILY_MPI=spectrum-mpi;' export 'LMOD_FAMILY_MPI;' 'LMOD_FAMILY_MPI_VERSION=10.4;' export 'LMOD_FAMILY_MPI_VERSION;' '__LMOD_REF_COUNT_LOADEDMODULES=xl_r/16.1.1:1\;spectrum-mpi/10.4:1\;cuda/11.2:1;' export '__LMOD_REF_COUNT_LOADEDMODULES;' 'LOADEDMODULES=xl_r/16.1.1:spectrum-mpi/10.4:cuda/11.2;' export 'LOADEDMODULES;' 'MANPATH=/opt/ibm/spectrum_mpi/share/man;' export 'MANPATH;' '__LMOD_REF_COUNT_MODULEPATH=/gpfs/u/software/dcs-rhel8/modulefiles/dcs-rhel8/modulefiles/.spectrum-mpi/10.4/.cuda/11.2:1\;/gpfs/u/software/dcs-rhel8/modulefiles/.spectrum-mpi/10.4:1\;/gpfs/u/software/dcs-rhel8/modulefiles/.xl_r/16.1.1:1\;/gpfs/u/software/dcs-rhel8/modulefiles:1;' export '__LMOD_REF_COUNT_MODULEPATH;' 'MODULEPATH=/gpfs/u/software/dcs-rhel8/modulefiles/dcs-rhel8/modulefiles/.spectrum-mpi/10.4/.cuda/11.2:/gpfs/u/software/dcs-rhel8/modulefiles/.spectrum-mpi/10.4:/gpfs/u/software/dcs-rhel8/modulefiles/.xl_r/16.1.1:/gpfs/u/software/dcs-rhel8/modulefiles;' export 'MODULEPATH;' 'MPI_ROOT=/opt/ibm/spectrum_mpi;' export 'MPI_ROOT;' 'OPAL_LIBDIR=/opt/ibm/spectrum_mpi/lib;' export 'OPAL_LIBDIR;' 'PAMI_ENABLE_STRIPING=0;' export 'PAMI_ENABLE_STRIPING;' 'PAMI_IBV_ADAPTER_AFFINITY=1;' export 'PAMI_IBV_ADAPTER_AFFINITY;' 'PAMI_IBV_ENABLE_OOO_AR=1;' export 'PAMI_IBV_ENABLE_OOO_AR;' '__LMOD_REF_COUNT_PATH=/usr/local/cuda-11.2/bin:1\;/opt/ibm/spectrum_mpi/bin:1\;/opt/ibm/xlf/16.1.1/bin:1\;/opt/ibm/xlC/16.1.1/bin:1\;/usr/lpp/mmfs/bin:1\;/usr/local/bin:1\;/usr/bin:1\;/usr/local/sbin:1\;/usr/sbin:1\;/gpfs/u/home/PCPB/PCPBwldj/.local/bin:1\;/gpfs/u/home/PCPB/PCPBwldj/bin:1;' export '__LMOD_REF_COUNT_PATH;' 'PATH=/usr/local/cuda-11.2/bin:/opt/ibm/spectrum_mpi/bin:/opt/ibm/xlf/16.1.1/bin:/opt/ibm/xlC/16.1.1/bin:/usr/lpp/mmfs/bin:/usr/local/bin:/usr/bin:/usr/local/sbin:/usr/sbin:/gpfs/u/home/PCPB/PCPBwldj/.local/bin:/gpfs/u/home/PCPB/PCPBwldj/bin;' export 'PATH;' '__LMOD_REF_COUNT__LMFILES_=/gpfs/u/software/dcs-rhel8/modulefiles/xl_r/16.1.1.lua:1\;/gpfs/u/software/dcs-rhel8/modulefiles/spectrum-mpi/10.4.lua:1\;/gpfs/u/software/dcs-rhel8/modulefiles/.spectrum-mpi/10.4/cuda/11.2.lua:1;' export '__LMOD_REF_COUNT__LMFILES_;' '_LMFILES_=/gpfs/u/software/dcs-rhel8/modulefiles/xl_r/16.1.1.lua:/gpfs/u/software/dcs-rhel8/modulefiles/spectrum-mpi/10.4.lua:/gpfs/u/software/dcs-rhel8/modulefiles/.spectrum-mpi/10.4/cuda/11.2.lua;' export '_LMFILES_;' '_ModuleTable001_=X01vZHVsZVRhYmxlXz17WyJNVHZlcnNpb24iXT0zLFsiY19yZWJ1aWxkVGltZSJdPWZhbHNlLFsiY19zaG9ydFRpbWUiXT1mYWxzZSxkZXB0aFQ9e30sZmFtaWx5PXtbImNvbXBpbGVyIl09InhsX3IiLFsibXBpIl09InNwZWN0cnVtLW1waSIsfSxtVD17Y3VkYT17WyJmbiJdPSIvZ3Bmcy91L3NvZnR3YXJlL2Rjcy1yaGVsOC9tb2R1bGVmaWxlcy8uc3BlY3RydW0tbXBpLzEwLjQvY3VkYS8xMS4yLmx1YSIsWyJmdWxsTmFtZSJdPSJjdWRhLzExLjIiLFsibG9hZE9yZGVyIl09Myxwcm9wVD17c3RhdGU9e1sidGVzdGluZyJdPTEsfSx9LFsic3RhY2tEZXB0aCJdPTAsWyJzdGF0dXMiXT0iYWN0aXZlIixbInVzZXJOYW1lIl09ImN1ZGEvMTEuMiIsfSxbInNwZWN0cnVtLW1waSJd;' export '_ModuleTable001_;' '_ModuleTable002_=PXtbImZuIl09Ii9ncGZzL3Uvc29mdHdhcmUvZGNzLXJoZWw4L21vZHVsZWZpbGVzL3NwZWN0cnVtLW1waS8xMC40Lmx1YSIsWyJmdWxsTmFtZSJdPSJzcGVjdHJ1bS1tcGkvMTAuNCIsWyJsb2FkT3JkZXIiXT0yLHByb3BUPXtzdGF0ZT17WyJ0ZXN0aW5nIl09MSx9LH0sWyJzdGFja0RlcHRoIl09MCxbInN0YXR1cyJdPSJhY3RpdmUiLFsidXNlck5hbWUiXT0ic3BlY3RydW0tbXBpIix9LHhsX3I9e1siZm4iXT0iL2dwZnMvdS9zb2Z0d2FyZS9kY3MtcmhlbDgvbW9kdWxlZmlsZXMveGxfci8xNi4xLjEubHVhIixbImZ1bGxOYW1lIl09InhsX3IvMTYuMS4xIixbImxvYWRPcmRlciJdPTEscHJvcFQ9e30sWyJzdGFja0RlcHRoIl09MCxbInN0YXR1cyJdPSJhY3RpdmUiLFsidXNl;' export '_ModuleTable002_;' '_ModuleTable003_=ck5hbWUiXT0ieGxfciIsfSx9LG1wYXRoQT17Ii9ncGZzL3Uvc29mdHdhcmUvZGNzLXJoZWw4L21vZHVsZWZpbGVzL2Rjcy1yaGVsOC9tb2R1bGVmaWxlcy8uc3BlY3RydW0tbXBpLzEwLjQvLmN1ZGEvMTEuMiIsIi9ncGZzL3Uvc29mdHdhcmUvZGNzLXJoZWw4L21vZHVsZWZpbGVzLy5zcGVjdHJ1bS1tcGkvMTAuNCIsIi9ncGZzL3Uvc29mdHdhcmUvZGNzLXJoZWw4L21vZHVsZWZpbGVzLy54bF9yLzE2LjEuMSIsIi9ncGZzL3Uvc29mdHdhcmUvZGNzLXJoZWw4L21vZHVsZWZpbGVzIix9LFsic3lzdGVtQmFzZU1QQVRIIl09Ii9ncGZzL3Uvc29mdHdhcmUvZGNzLXJoZWw4L21vZHVsZWZpbGVzIix9;' export '_ModuleTable003_;' '_ModuleTable_Sz_=3;' export '_ModuleTable_Sz_;'
++ CC=/opt/ibm/xlC/16.1.1/bin/xlc_r
++ export CC
++ CCI_SMPI_SET_TS=2021082400
++ export CCI_SMPI_SET_TS
++ CPP='/opt/ibm/xlC/16.1.1/bin/xlc_r -E'
++ export CPP
++ CUDA_HOME=/usr/local/cuda-11.2
++ export CUDA_HOME
++ CUDA_PATH=/usr/local/cuda-11.2
++ export CUDA_PATH
++ CXX=/opt/ibm/xlC/16.1.1/bin/xlc++_r
++ export CXX
++ CXXCPP='/opt/ibm/xlC/16.1.1/bin/xlc++_r -E'
++ export CXXCPP
++ F77=/opt/ibm/xlf/16.1.1/bin/xlf_r
++ export F77
++ F90=/opt/ibm/xlf/16.1.1/bin/xlf90_r
++ export F90
++ F95=/opt/ibm/xlf/16.1.1/bin/xlf95_r
++ export F95
++ __LMOD_REF_COUNT_LD_LIBRARY_PATH='/usr/local/cuda-11.2/lib64:1;/opt/ibm/spectrum_mpi/profilesupport/lib:1;/opt/ibm/spectrum_mpi/lib:1;/opt/mellanox/sharp/lib:1;/opt/mellanox/hcoll/lib:1'
++ export __LMOD_REF_COUNT_LD_LIBRARY_PATH
++ LD_LIBRARY_PATH=/usr/local/cuda-11.2/lib64:/opt/ibm/spectrum_mpi/profilesupport/lib:/opt/ibm/spectrum_mpi/lib:/opt/mellanox/sharp/lib:/opt/mellanox/hcoll/lib
++ export LD_LIBRARY_PATH
++ LMOD_FAMILY_COMPILER=xl_r
++ export LMOD_FAMILY_COMPILER
++ LMOD_FAMILY_COMPILER_VERSION=16.1.1
++ export LMOD_FAMILY_COMPILER_VERSION
++ LMOD_FAMILY_MPI=spectrum-mpi
++ export LMOD_FAMILY_MPI
++ LMOD_FAMILY_MPI_VERSION=10.4
++ export LMOD_FAMILY_MPI_VERSION
++ __LMOD_REF_COUNT_LOADEDMODULES='xl_r/16.1.1:1;spectrum-mpi/10.4:1;cuda/11.2:1'
++ export __LMOD_REF_COUNT_LOADEDMODULES
++ LOADEDMODULES=xl_r/16.1.1:spectrum-mpi/10.4:cuda/11.2
++ export LOADEDMODULES
++ MANPATH=/opt/ibm/spectrum_mpi/share/man
++ export MANPATH
++ __LMOD_REF_COUNT_MODULEPATH='/gpfs/u/software/dcs-rhel8/modulefiles/dcs-rhel8/modulefiles/.spectrum-mpi/10.4/.cuda/11.2:1;/gpfs/u/software/dcs-rhel8/modulefiles/.spectrum-mpi/10.4:1;/gpfs/u/software/dcs-rhel8/modulefiles/.xl_r/16.1.1:1;/gpfs/u/software/dcs-rhel8/modulefiles:1'
++ export __LMOD_REF_COUNT_MODULEPATH
++ MODULEPATH=/gpfs/u/software/dcs-rhel8/modulefiles/dcs-rhel8/modulefiles/.spectrum-mpi/10.4/.cuda/11.2:/gpfs/u/software/dcs-rhel8/modulefiles/.spectrum-mpi/10.4:/gpfs/u/software/dcs-rhel8/modulefiles/.xl_r/16.1.1:/gpfs/u/software/dcs-rhel8/modulefiles
++ export MODULEPATH
++ MPI_ROOT=/opt/ibm/spectrum_mpi
++ export MPI_ROOT
++ OPAL_LIBDIR=/opt/ibm/spectrum_mpi/lib
++ export OPAL_LIBDIR
++ PAMI_ENABLE_STRIPING=0
++ export PAMI_ENABLE_STRIPING
++ PAMI_IBV_ADAPTER_AFFINITY=1
++ export PAMI_IBV_ADAPTER_AFFINITY
++ PAMI_IBV_ENABLE_OOO_AR=1
++ export PAMI_IBV_ENABLE_OOO_AR
++ __LMOD_REF_COUNT_PATH='/usr/local/cuda-11.2/bin:1;/opt/ibm/spectrum_mpi/bin:1;/opt/ibm/xlf/16.1.1/bin:1;/opt/ibm/xlC/16.1.1/bin:1;/usr/lpp/mmfs/bin:1;/usr/local/bin:1;/usr/bin:1;/usr/local/sbin:1;/usr/sbin:1;/gpfs/u/home/PCPB/PCPBwldj/.local/bin:1;/gpfs/u/home/PCPB/PCPBwldj/bin:1'
++ export __LMOD_REF_COUNT_PATH
++ PATH=/usr/local/cuda-11.2/bin:/opt/ibm/spectrum_mpi/bin:/opt/ibm/xlf/16.1.1/bin:/opt/ibm/xlC/16.1.1/bin:/usr/lpp/mmfs/bin:/usr/local/bin:/usr/bin:/usr/local/sbin:/usr/sbin:/gpfs/u/home/PCPB/PCPBwldj/.local/bin:/gpfs/u/home/PCPB/PCPBwldj/bin
++ export PATH
++ __LMOD_REF_COUNT__LMFILES_='/gpfs/u/software/dcs-rhel8/modulefiles/xl_r/16.1.1.lua:1;/gpfs/u/software/dcs-rhel8/modulefiles/spectrum-mpi/10.4.lua:1;/gpfs/u/software/dcs-rhel8/modulefiles/.spectrum-mpi/10.4/cuda/11.2.lua:1'
++ export __LMOD_REF_COUNT__LMFILES_
++ _LMFILES_=/gpfs/u/software/dcs-rhel8/modulefiles/xl_r/16.1.1.lua:/gpfs/u/software/dcs-rhel8/modulefiles/spectrum-mpi/10.4.lua:/gpfs/u/software/dcs-rhel8/modulefiles/.spectrum-mpi/10.4/cuda/11.2.lua
++ export _LMFILES_
++ _ModuleTable001_=X01vZHVsZVRhYmxlXz17WyJNVHZlcnNpb24iXT0zLFsiY19yZWJ1aWxkVGltZSJdPWZhbHNlLFsiY19zaG9ydFRpbWUiXT1mYWxzZSxkZXB0aFQ9e30sZmFtaWx5PXtbImNvbXBpbGVyIl09InhsX3IiLFsibXBpIl09InNwZWN0cnVtLW1waSIsfSxtVD17Y3VkYT17WyJmbiJdPSIvZ3Bmcy91L3NvZnR3YXJlL2Rjcy1yaGVsOC9tb2R1bGVmaWxlcy8uc3BlY3RydW0tbXBpLzEwLjQvY3VkYS8xMS4yLmx1YSIsWyJmdWxsTmFtZSJdPSJjdWRhLzExLjIiLFsibG9hZE9yZGVyIl09Myxwcm9wVD17c3RhdGU9e1sidGVzdGluZyJdPTEsfSx9LFsic3RhY2tEZXB0aCJdPTAsWyJzdGF0dXMiXT0iYWN0aXZlIixbInVzZXJOYW1lIl09ImN1ZGEvMTEuMiIsfSxbInNwZWN0cnVtLW1waSJd
++ export _ModuleTable001_
++ _ModuleTable002_=PXtbImZuIl09Ii9ncGZzL3Uvc29mdHdhcmUvZGNzLXJoZWw4L21vZHVsZWZpbGVzL3NwZWN0cnVtLW1waS8xMC40Lmx1YSIsWyJmdWxsTmFtZSJdPSJzcGVjdHJ1bS1tcGkvMTAuNCIsWyJsb2FkT3JkZXIiXT0yLHByb3BUPXtzdGF0ZT17WyJ0ZXN0aW5nIl09MSx9LH0sWyJzdGFja0RlcHRoIl09MCxbInN0YXR1cyJdPSJhY3RpdmUiLFsidXNlck5hbWUiXT0ic3BlY3RydW0tbXBpIix9LHhsX3I9e1siZm4iXT0iL2dwZnMvdS9zb2Z0d2FyZS9kY3MtcmhlbDgvbW9kdWxlZmlsZXMveGxfci8xNi4xLjEubHVhIixbImZ1bGxOYW1lIl09InhsX3IvMTYuMS4xIixbImxvYWRPcmRlciJdPTEscHJvcFQ9e30sWyJzdGFja0RlcHRoIl09MCxbInN0YXR1cyJdPSJhY3RpdmUiLFsidXNl
++ export _ModuleTable002_
++ _ModuleTable003_=ck5hbWUiXT0ieGxfciIsfSx9LG1wYXRoQT17Ii9ncGZzL3Uvc29mdHdhcmUvZGNzLXJoZWw4L21vZHVsZWZpbGVzL2Rjcy1yaGVsOC9tb2R1bGVmaWxlcy8uc3BlY3RydW0tbXBpLzEwLjQvLmN1ZGEvMTEuMiIsIi9ncGZzL3Uvc29mdHdhcmUvZGNzLXJoZWw4L21vZHVsZWZpbGVzLy5zcGVjdHJ1bS1tcGkvMTAuNCIsIi9ncGZzL3Uvc29mdHdhcmUvZGNzLXJoZWw4L21vZHVsZWZpbGVzLy54bF9yLzE2LjEuMSIsIi9ncGZzL3Uvc29mdHdhcmUvZGNzLXJoZWw4L21vZHVsZWZpbGVzIix9LFsic3lzdGVtQmFzZU1QQVRIIl09Ii9ncGZzL3Uvc29mdHdhcmUvZGNzLXJoZWw4L21vZHVsZWZpbGVzIix9
++ export _ModuleTable003_
++ _ModuleTable_Sz_=3
++ export _ModuleTable_Sz_
++ : -s sh
+ eval
+ mpirun -hostfile /tmp/hosts.1741126 -np 64 /gpfs/u/home/PCPB/PCPBwldj/scratch/CSCI-6360-Parallel-Computing/Assignment5/benchmark.out
[dcs102:3052080] [[47765,0],0] ORTE_ERROR_LOG: Take next option in file ../../../../../opensrc/ompi/orte/mca/rmaps/base/rmaps_base_support_fns.c at line 66
[dcs102:3052080] [[47765,0],0] ORTE_ERROR_LOG: Take next option in file ../../../../../opensrc/ompi/orte/mca/rmaps/base/rmaps_base_support_fns.c at line 66
Benchmarking for scratch:
	Filename:/gpfs/u/home/PCPB/PCPBwldj/scratch/test0.125000.bin, Blocksize 0.125000 MB, Filesize: 256.000000 MB:
		Write:
			0.459209 Seconds
			557.480640 MB/S
		Read:
			0.285905 Seconds
			895.401866 MB/S
	Filename:/gpfs/u/home/PCPB/PCPBwldj/scratch/test0.250000.bin, Blocksize 0.250000 MB, Filesize: 512.000000 MB:
		Write:
			0.912147 Seconds
			561.312779 MB/S
		Read:
			0.496312 Seconds
			1031.609389 MB/S
	Filename:/gpfs/u/home/PCPB/PCPBwldj/scratch/test0.500000.bin, Blocksize 0.500000 MB, Filesize: 1024.000000 MB:
		Write:
			1.476006 Seconds
			693.764005 MB/S
		Read:
			0.376708 Seconds
			2718.285964 MB/S
	Filename:/gpfs/u/home/PCPB/PCPBwldj/scratch/test1.000000.bin, Blocksize 1.000000 MB, Filesize: 2048.000000 MB:
		Write:
			1.135847 Seconds
			1803.059194 MB/S
		Read:
			0.536028 Seconds
			3820.699261 MB/S
	Filename:/gpfs/u/home/PCPB/PCPBwldj/scratch/test2.000000.bin, Blocksize 2.000000 MB, Filesize: 4096.000000 MB:
		Write:
			0.897278 Seconds
			4564.915612 MB/S
		Read:
			0.495350 Seconds
			8268.903907 MB/S
	Filename:/gpfs/u/home/PCPB/PCPBwldj/scratch/test4.000000.bin, Blocksize 4.000000 MB, Filesize: 8192.000000 MB:
		Write:
			1.400235 Seconds
			5850.448548 MB/S
		Read:
			0.472251 Seconds
			17346.697677 MB/S
	Filename:/gpfs/u/home/PCPB/PCPBwldj/scratch/test8.000000.bin, Blocksize 8.000000 MB, Filesize: 16384.000000 MB:
		Write:
			1.248754 Seconds
			13120.280448 MB/S
		Read:
			0.398216 Seconds
			41143.496176 MB/S
	Filename:/gpfs/u/home/PCPB/PCPBwldj/scratch/test16.000000.bin, Blocksize 16.000000 MB, Filesize: 32768.000000 MB:
		Write:
			2.312776 Seconds
			14168.257004 MB/S
		Read:
			0.849770 Seconds
			38561.028953 MB/S
Benchmarking for NVMe:
ErrorCode:42, ErrorMsg:MPI_ERR_NO_SUCH_FILE: no such file or directory
ErrorCode:42, ErrorMsg:MPI_ERR_NO_SUCH_FILE: no such file or directory
ErrorCode:42, ErrorMsg:MPI_ERR_NO_SUCH_FILE: no such file or directory
	Filename:/mnt/nvme/uid_7236/job_7236/test0.125000.bin, Blocksize 0.125000 MB, Filesize: 256.000000 MB:
ErrorCode:42, ErrorMsg:MPI_ERR_NO_SUCH_FILE: no such file or directory
ErrorCode:42, ErrorMsg:MPI_ERR_NO_SUCH_FILE: no such file or directory
ErrorCode:42, ErrorMsg:MPI_ERR_NO_SUCH_FILE: no such file or directory
ErrorCode:42, ErrorMsg:MPI_ERR_NO_SUCH_FILE: no such file or directory
ErrorCode:42, ErrorMsg:MPI_ERR_NO_SUCH_FILE: no such file or directory
ErrorCode:42, ErrorMsg:MPI_ERR_NO_SUCH_FILE: no such file or directory
ErrorCode:42, ErrorMsg:MPI_ERR_NO_SUCH_FILE: no such file or directory
ErrorCode:42, ErrorMsg:MPI_ERR_NO_SUCH_FILE: no such file or directory
ErrorCode:42, ErrorMsg:MPI_ERR_NO_SUCH_FILE: no such file or directory
ErrorCode:42, ErrorMsg:MPI_ERR_NO_SUCH_FILE: no such file or directory
ErrorCode:42, ErrorMsg:MPI_ERR_NO_SUCH_FILE: no such file or directory
ErrorCode:42, ErrorMsg:MPI_ERR_NO_SUCH_FILE: no such file or directory
ErrorCode:42, ErrorMsg:MPI_ERR_NO_SUCH_FILE: no such file or directory
ErrorCode:42, ErrorMsg:MPI_ERR_NO_SUCH_FILE: no such file or directory
ErrorCode:42, ErrorMsg:MPI_ERR_NO_SUCH_FILE: no such file or directory
ErrorCode:42, ErrorMsg:MPI_ERR_NO_SUCH_FILE: no such file or directory
ErrorCode:42, ErrorMsg:MPI_ERR_NO_SUCH_FILE: no such file or directory
ErrorCode:42, ErrorMsg:MPI_ERR_NO_SUCH_FILE: no such file or directory
ErrorCode:42, ErrorMsg:MPI_ERR_NO_SUCH_FILE: no such file or directory
ErrorCode:42, ErrorMsg:MPI_ERR_NO_SUCH_FILE: no such file or directory
ErrorCode:42, ErrorMsg:MPI_ERR_NO_SUCH_FILE: no such file or directory
ErrorCode:42, ErrorMsg:MPI_ERR_NO_SUCH_FILE: no such file or directory
ErrorCode:42, ErrorMsg:MPI_ERR_NO_SUCH_FILE: no such file or directory
ErrorCode:42, ErrorMsg:MPI_ERR_NO_SUCH_FILE: no such file or directory
ErrorCode:42, ErrorMsg:MPI_ERR_NO_SUCH_FILE: no such file or directory
ErrorCode:42, ErrorMsg:MPI_ERR_NO_SUCH_FILE: no such file or directory
ErrorCode:42, ErrorMsg:MPI_ERR_NO_SUCH_FILE: no such file or directory
ErrorCode:42, ErrorMsg:MPI_ERR_NO_SUCH_FILE: no such file or directory
ErrorCode:42, ErrorMsg:MPI_ERR_NO_SUCH_FILE: no such file or directory
ErrorCode:42, ErrorMsg:MPI_ERR_NO_SUCH_FILE: no such file or directory
ErrorCode:42, ErrorMsg:MPI_ERR_NO_SUCH_FILE: no such file or directory
ErrorCode:42, ErrorMsg:MPI_ERR_NO_SUCH_FILE: no such file or directory
ErrorCode:42, ErrorMsg:MPI_ERR_NO_SUCH_FILE: no such file or directory
		Write:
			0.000005 Seconds
			51160031.225605 MB/S
		Read:
			0.000009 Seconds
			27530350.766646 MB/S
ErrorCode:42, ErrorMsg:MPI_ERR_NO_SUCH_FILE: no such file or directory
ErrorCode:42, ErrorMsg:MPI_ERR_NO_SUCH_FILE: no such file or directory
ErrorCode:42, ErrorMsg:MPI_ERR_NO_SUCH_FILE: no such file or directory
ErrorCode:42, ErrorMsg:MPI_ERR_NO_SUCH_FILE: no such file or directory
ErrorCode:42, ErrorMsg:MPI_ERR_NO_SUCH_FILE: no such file or directory
ErrorCode:42, ErrorMsg:MPI_ERR_NO_SUCH_FILE: no such file or directory
ErrorCode:42, ErrorMsg:MPI_ERR_NO_SUCH_FILE: no such file or directory
ErrorCode:42, ErrorMsg:MPI_ERR_NO_SUCH_FILE: no such file or directory
ErrorCode:42, ErrorMsg:MPI_ERR_NO_SUCH_FILE: no such file or directory
ErrorCode:42, ErrorMsg:MPI_ERR_NO_SUCH_FILE: no such file or directory
ErrorCode:42, ErrorMsg:MPI_ERR_NO_SUCH_FILE: no such file or directory
ErrorCode:42, ErrorMsg:MPI_ERR_NO_SUCH_FILE: no such file or directory
ErrorCode:42, ErrorMsg:MPI_ERR_NO_SUCH_FILE: no such file or directory
ErrorCode:42, ErrorMsg:MPI_ERR_NO_SUCH_FILE: no such file or directory
ErrorCode:42, ErrorMsg:MPI_ERR_NO_SUCH_FILE: no such file or directory
ErrorCode:42, ErrorMsg:MPI_ERR_NO_SUCH_FILE: no such file or directory
ErrorCode:42, ErrorMsg:MPI_ERR_NO_SUCH_FILE: no such file or directory
ErrorCode:42, ErrorMsg:MPI_ERR_NO_SUCH_FILE: no such file or directory
ErrorCode:42, ErrorMsg:MPI_ERR_NO_SUCH_FILE: no such file or directory
ErrorCode:42, ErrorMsg:MPI_ERR_NO_SUCH_FILE: no such file or directory
ErrorCode:42, ErrorMsg:MPI_ERR_NO_SUCH_FILE: no such file or directory
ErrorCode:42, ErrorMsg:MPI_ERR_NO_SUCH_FILE: no such file or directory
ErrorCode:42, ErrorMsg:MPI_ERR_NO_SUCH_FILE: no such file or directory
ErrorCode:42, ErrorMsg:MPI_ERR_NO_SUCH_FILE: no such file or directory
ErrorCode:42, ErrorMsg:MPI_ERR_NO_SUCH_FILE: no such file or directory
ErrorCode:42, ErrorMsg:MPI_ERR_NO_SUCH_FILE: no such file or directory
ErrorCode:42, ErrorMsg:MPI_ERR_NO_SUCH_FILE: no such file or directory
ErrorCode:42, ErrorMsg:MPI_ERR_NO_SUCH_FILE: no such file or directory
ErrorCode:42, ErrorMsg:MPI_ERR_NO_SUCH_FILE: no such file or directory
ErrorCode:42, ErrorMsg:MPI_ERR_NO_SUCH_FILE: no such file or directory
ErrorCode:42, ErrorMsg:MPI_ERR_NO_SUCH_FILE: no such file or directory
ErrorCode:42, ErrorMsg:MPI_ERR_NO_SUCH_FILE: no such file or directory
ErrorCode:42, ErrorMsg:MPI_ERR_NO_SUCH_FILE: no such file or directory
ErrorCode:42, ErrorMsg:MPI_ERR_NO_SUCH_FILE: no such file or directory
ErrorCode:42, ErrorMsg:MPI_ERR_NO_SUCH_FILE: no such file or directory
ErrorCode:42, ErrorMsg:MPI_ERR_NO_SUCH_FILE: no such file or directory
ErrorCode:42, ErrorMsg:MPI_ERR_NO_SUCH_FILE: no such file or directory
ErrorCode:42, ErrorMsg:MPI_ERR_NO_SUCH_FILE: no such file or directory
ErrorCode:42, ErrorMsg:MPI_ERR_NO_SUCH_FILE: no such file or directory
ErrorCode:42, ErrorMsg:MPI_ERR_NO_SUCH_FILE: no such file or directory
ErrorCode:42, ErrorMsg:MPI_ERR_NO_SUCH_FILE: no such file or directory
ErrorCode:42, ErrorMsg:MPI_ERR_NO_SUCH_FILE: no such file or directory
ErrorCode:42, ErrorMsg:MPI_ERR_NO_SUCH_FILE: no such file or directory
ErrorCode:42, ErrorMsg:MPI_ERR_NO_SUCH_FILE: no such file or directory
	Filename:/mnt/nvme/uid_7236/job_7236/test0.250000.bin, Blocksize 0.250000 MB, Filesize: 512.000000 MB:
ErrorCode:42, ErrorMsg:MPI_ERR_NO_SUCH_FILE: no such file or directory
ErrorCode:42, ErrorMsg:MPI_ERR_NO_SUCH_FILE: no such file or directory
ErrorCode:42, ErrorMsg:MPI_ERR_NO_SUCH_FILE: no such file or directory
ErrorCode:42, ErrorMsg:MPI_ERR_NO_SUCH_FILE: no such file or directory
ErrorCode:42, ErrorMsg:MPI_ERR_NO_SUCH_FILE: no such file or directory
ErrorCode:42, ErrorMsg:MPI_ERR_NO_SUCH_FILE: no such file or directory
ErrorCode:42, ErrorMsg:MPI_ERR_NO_SUCH_FILE: no such file or directory
ErrorCode:42, ErrorMsg:MPI_ERR_NO_SUCH_FILE: no such file or directory
ErrorCode:42, ErrorMsg:MPI_ERR_NO_SUCH_FILE: no such file or directory
ErrorCode:42, ErrorMsg:MPI_ERR_NO_SUCH_FILE: no such file or directory
ErrorCode:42, ErrorMsg:MPI_ERR_NO_SUCH_FILE: no such file or directory
ErrorCode:42, ErrorMsg:MPI_ERR_NO_SUCH_FILE: no such file or directory
ErrorCode:42, ErrorMsg:MPI_ERR_NO_SUCH_FILE: no such file or directory
ErrorCode:42, ErrorMsg:MPI_ERR_NO_SUCH_FILE: no such file or directory
ErrorCode:42, ErrorMsg:MPI_ERR_NO_SUCH_FILE: no such file or directory
		Write:
			0.000008 Seconds
			64726913.580247 MB/S
		Read:
			0.000008 Seconds
			60878773.803994 MB/S
ErrorCode:42, ErrorMsg:MPI_ERR_NO_SUCH_FILE: no such file or directory
ErrorCode:42, ErrorMsg:MPI_ERR_NO_SUCH_FILE: no such file or directory
ErrorCode:42, ErrorMsg:MPI_ERR_NO_SUCH_FILE: no such file or directory
ErrorCode:42, ErrorMsg:MPI_ERR_NO_SUCH_FILE: no such file or directory
ErrorCode:42, ErrorMsg:MPI_ERR_NO_SUCH_FILE: no such file or directory
ErrorCode:42, ErrorMsg:MPI_ERR_NO_SUCH_FILE: no such file or directory
ErrorCode:42, ErrorMsg:MPI_ERR_NO_SUCH_FILE: no such file or directory
ErrorCode:42, ErrorMsg:MPI_ERR_NO_SUCH_FILE: no such file or directory
ErrorCode:42, ErrorMsg:MPI_ERR_NO_SUCH_FILE: no such file or directory
ErrorCode:42, ErrorMsg:MPI_ERR_NO_SUCH_FILE: no such file or directory
ErrorCode:42, ErrorMsg:MPI_ERR_NO_SUCH_FILE: no such file or directory
ErrorCode:42, ErrorMsg:MPI_ERR_NO_SUCH_FILE: no such file or directory
ErrorCode:42, ErrorMsg:MPI_ERR_NO_SUCH_FILE: no such file or directory
ErrorCode:42, ErrorMsg:MPI_ERR_NO_SUCH_FILE: no such file or directory
ErrorCode:42, ErrorMsg:MPI_ERR_NO_SUCH_FILE: no such file or directory
ErrorCode:42, ErrorMsg:MPI_ERR_NO_SUCH_FILE: no such file or directory
ErrorCode:42, ErrorMsg:MPI_ERR_NO_SUCH_FILE: no such file or directory
ErrorCode:42, ErrorMsg:MPI_ERR_NO_SUCH_FILE: no such file or directory
ErrorCode:42, ErrorMsg:MPI_ERR_NO_SUCH_FILE: no such file or directory
ErrorCode:42, ErrorMsg:MPI_ERR_NO_SUCH_FILE: no such file or directory
ErrorCode:42, ErrorMsg:MPI_ERR_NO_SUCH_FILE: no such file or directory
ErrorCode:42, ErrorMsg:MPI_ERR_NO_SUCH_FILE: no such file or directory
ErrorCode:42, ErrorMsg:MPI_ERR_NO_SUCH_FILE: no such file or directory
ErrorCode:42, ErrorMsg:MPI_ERR_NO_SUCH_FILE: no such file or directory
ErrorCode:42, ErrorMsg:MPI_ERR_NO_SUCH_FILE: no such file or directory
ErrorCode:42, ErrorMsg:MPI_ERR_NO_SUCH_FILE: no such file or directory
ErrorCode:42, ErrorMsg:MPI_ERR_NO_SUCH_FILE: no such file or directory
ErrorCode:42, ErrorMsg:MPI_ERR_NO_SUCH_FILE: no such file or directory
ErrorCode:42, ErrorMsg:MPI_ERR_NO_SUCH_FILE: no such file or directory
ErrorCode:42, ErrorMsg:MPI_ERR_NO_SUCH_FILE: no such file or directory
ErrorCode:42, ErrorMsg:MPI_ERR_NO_SUCH_FILE: no such file or directory
ErrorCode:42, ErrorMsg:MPI_ERR_NO_SUCH_FILE: no such file or directory
ErrorCode:42, ErrorMsg:MPI_ERR_NO_SUCH_FILE: no such file or directory
ErrorCode:42, ErrorMsg:MPI_ERR_NO_SUCH_FILE: no such file or directory
ErrorCode:42, ErrorMsg:MPI_ERR_NO_SUCH_FILE: no such file or directory
ErrorCode:42, ErrorMsg:MPI_ERR_NO_SUCH_FILE: no such file or directory
ErrorCode:42, ErrorMsg:MPI_ERR_NO_SUCH_FILE: no such file or directory
ErrorCode:42, ErrorMsg:MPI_ERR_NO_SUCH_FILE: no such file or directory
ErrorCode:42, ErrorMsg:MPI_ERR_NO_SUCH_FILE: no such file or directory
ErrorCode:42, ErrorMsg:MPI_ERR_NO_SUCH_FILE: no such file or directory
ErrorCode:42, ErrorMsg:MPI_ERR_NO_SUCH_FILE: no such file or directory
ErrorCode:42, ErrorMsg:MPI_ERR_NO_SUCH_FILE: no such file or directory
ErrorCode:42, ErrorMsg:MPI_ERR_NO_SUCH_FILE: no such file or directory
ErrorCode:42, ErrorMsg:MPI_ERR_NO_SUCH_FILE: no such file or directory
ErrorCode:42, ErrorMsg:MPI_ERR_NO_SUCH_FILE: no such file or directory
ErrorCode:42, ErrorMsg:MPI_ERR_NO_SUCH_FILE: no such file or directory
ErrorCode:42, ErrorMsg:MPI_ERR_NO_SUCH_FILE: no such file or directory
ErrorCode:42, ErrorMsg:MPI_ERR_NO_SUCH_FILE: no such file or directory
ErrorCode:42, ErrorMsg:MPI_ERR_NO_SUCH_FILE: no such file or directory
ErrorCode:42, ErrorMsg:MPI_ERR_NO_SUCH_FILE: no such file or directory
ErrorCode:42, ErrorMsg:MPI_ERR_NO_SUCH_FILE: no such file or directory
ErrorCode:42, ErrorMsg:MPI_ERR_NO_SUCH_FILE: no such file or directory
ErrorCode:42, ErrorMsg:MPI_ERR_NO_SUCH_FILE: no such file or directory
ErrorCode:42, ErrorMsg:MPI_ERR_NO_SUCH_FILE: no such file or directory
ErrorCode:42, ErrorMsg:MPI_ERR_NO_SUCH_FILE: no such file or directory
ErrorCode:42, ErrorMsg:MPI_ERR_NO_SUCH_FILE: no such file or directory
ErrorCode:42, ErrorMsg:MPI_ERR_NO_SUCH_FILE: no such file or directory
ErrorCode:42, ErrorMsg:MPI_ERR_NO_SUCH_FILE: no such file or directory
ErrorCode:42, ErrorMsg:MPI_ERR_NO_SUCH_FILE: no such file or directory
ErrorCode:42, ErrorMsg:MPI_ERR_NO_SUCH_FILE: no such file or directory
ErrorCode:42, ErrorMsg:MPI_ERR_NO_SUCH_FILE: no such file or directory
ErrorCode:42, ErrorMsg:MPI_ERR_NO_SUCH_FILE: no such file or directory
ErrorCode:42, ErrorMsg:MPI_ERR_NO_SUCH_FILE: no such file or directory
ErrorCode:42, ErrorMsg:MPI_ERR_NO_SUCH_FILE: no such file or directory
	Filename:/mnt/nvme/uid_7236/job_7236/test0.500000.bin, Blocksize 0.500000 MB, Filesize: 1024.000000 MB:
		Write:
			0.000004 Seconds
			239948741.418764 MB/S
		Read:
			0.000010 Seconds
			100941085.868310 MB/S
ErrorCode:42, ErrorMsg:MPI_ERR_NO_SUCH_FILE: no such file or directory
ErrorCode:42, ErrorMsg:MPI_ERR_NO_SUCH_FILE: no such file or directory
ErrorCode:42, ErrorMsg:MPI_ERR_NO_SUCH_FILE: no such file or directory
ErrorCode:42, ErrorMsg:MPI_ERR_NO_SUCH_FILE: no such file or directory
ErrorCode:42, ErrorMsg:MPI_ERR_NO_SUCH_FILE: no such file or directory
ErrorCode:42, ErrorMsg:MPI_ERR_NO_SUCH_FILE: no such file or directory
ErrorCode:42, ErrorMsg:MPI_ERR_NO_SUCH_FILE: no such file or directory
ErrorCode:42, ErrorMsg:MPI_ERR_NO_SUCH_FILE: no such file or directory
ErrorCode:42, ErrorMsg:MPI_ERR_NO_SUCH_FILE: no such file or directory
ErrorCode:42, ErrorMsg:MPI_ERR_NO_SUCH_FILE: no such file or directory
ErrorCode:42, ErrorMsg:MPI_ERR_NO_SUCH_FILE: no such file or directory
ErrorCode:42, ErrorMsg:MPI_ERR_NO_SUCH_FILE: no such file or directory
ErrorCode:42, ErrorMsg:MPI_ERR_NO_SUCH_FILE: no such file or directory
ErrorCode:42, ErrorMsg:MPI_ERR_NO_SUCH_FILE: no such file or directory
ErrorCode:42, ErrorMsg:MPI_ERR_NO_SUCH_FILE: no such file or directory
ErrorCode:42, ErrorMsg:MPI_ERR_NO_SUCH_FILE: no such file or directory
ErrorCode:42, ErrorMsg:MPI_ERR_NO_SUCH_FILE: no such file or directory
ErrorCode:42, ErrorMsg:MPI_ERR_NO_SUCH_FILE: no such file or directory
ErrorCode:42, ErrorMsg:MPI_ERR_NO_SUCH_FILE: no such file or directory
ErrorCode:42, ErrorMsg:MPI_ERR_NO_SUCH_FILE: no such file or directory
ErrorCode:42, ErrorMsg:MPI_ERR_NO_SUCH_FILE: no such file or directory
ErrorCode:42, ErrorMsg:MPI_ERR_NO_SUCH_FILE: no such file or directory
ErrorCode:42, ErrorMsg:MPI_ERR_NO_SUCH_FILE: no such file or directory
ErrorCode:42, ErrorMsg:MPI_ERR_NO_SUCH_FILE: no such file or directory
ErrorCode:42, ErrorMsg:MPI_ERR_NO_SUCH_FILE: no such file or directory
ErrorCode:42, ErrorMsg:MPI_ERR_NO_SUCH_FILE: no such file or directory
ErrorCode:42, ErrorMsg:MPI_ERR_NO_SUCH_FILE: no such file or directory
ErrorCode:42, ErrorMsg:MPI_ERR_NO_SUCH_FILE: no such file or directory
ErrorCode:42, ErrorMsg:MPI_ERR_NO_SUCH_FILE: no such file or directory
ErrorCode:42, ErrorMsg:MPI_ERR_NO_SUCH_FILE: no such file or directory
ErrorCode:42, ErrorMsg:MPI_ERR_NO_SUCH_FILE: no such file or directory
ErrorCode:42, ErrorMsg:MPI_ERR_NO_SUCH_FILE: no such file or directory
ErrorCode:42, ErrorMsg:MPI_ERR_NO_SUCH_FILE: no such file or directory
ErrorCode:42, ErrorMsg:MPI_ERR_NO_SUCH_FILE: no such file or directory
ErrorCode:42, ErrorMsg:MPI_ERR_NO_SUCH_FILE: no such file or directory
ErrorCode:42, ErrorMsg:MPI_ERR_NO_SUCH_FILE: no such file or directory
ErrorCode:42, ErrorMsg:MPI_ERR_NO_SUCH_FILE: no such file or directory
ErrorCode:42, ErrorMsg:MPI_ERR_NO_SUCH_FILE: no such file or directory
ErrorCode:42, ErrorMsg:MPI_ERR_NO_SUCH_FILE: no such file or directory
ErrorCode:42, ErrorMsg:MPI_ERR_NO_SUCH_FILE: no such file or directory
ErrorCode:42, ErrorMsg:MPI_ERR_NO_SUCH_FILE: no such file or directory
ErrorCode:42, ErrorMsg:MPI_ERR_NO_SUCH_FILE: no such file or directory
ErrorCode:42, ErrorMsg:MPI_ERR_NO_SUCH_FILE: no such file or directory
ErrorCode:42, ErrorMsg:MPI_ERR_NO_SUCH_FILE: no such file or directory
ErrorCode:42, ErrorMsg:MPI_ERR_NO_SUCH_FILE: no such file or directory
ErrorCode:42, ErrorMsg:MPI_ERR_NO_SUCH_FILE: no such file or directory
ErrorCode:42, ErrorMsg:MPI_ERR_NO_SUCH_FILE: no such file or directory
ErrorCode:42, ErrorMsg:MPI_ERR_NO_SUCH_FILE: no such file or directory
ErrorCode:42, ErrorMsg:MPI_ERR_NO_SUCH_FILE: no such file or directory
ErrorCode:42, ErrorMsg:MPI_ERR_NO_SUCH_FILE: no such file or directory
ErrorCode:42, ErrorMsg:MPI_ERR_NO_SUCH_FILE: no such file or directory
ErrorCode:42, ErrorMsg:MPI_ERR_NO_SUCH_FILE: no such file or directory
ErrorCode:42, ErrorMsg:MPI_ERR_NO_SUCH_FILE: no such file or directory
ErrorCode:42, ErrorMsg:MPI_ERR_NO_SUCH_FILE: no such file or directory
ErrorCode:42, ErrorMsg:MPI_ERR_NO_SUCH_FILE: no such file or directory
ErrorCode:42, ErrorMsg:MPI_ERR_NO_SUCH_FILE: no such file or directory
	Filename:/mnt/nvme/uid_7236/job_7236/test1.000000.bin, Blocksize 1.000000 MB, Filesize: 2048.000000 MB:
ErrorCode:42, ErrorMsg:MPI_ERR_NO_SUCH_FILE: no such file or directory
ErrorCode:42, ErrorMsg:MPI_ERR_NO_SUCH_FILE: no such file or directory
ErrorCode:42, ErrorMsg:MPI_ERR_NO_SUCH_FILE: no such file or directory
ErrorCode:42, ErrorMsg:MPI_ERR_NO_SUCH_FILE: no such file or directory
ErrorCode:42, ErrorMsg:MPI_ERR_NO_SUCH_FILE: no such file or directory
ErrorCode:42, ErrorMsg:MPI_ERR_NO_SUCH_FILE: no such file or directory
ErrorCode:42, ErrorMsg:MPI_ERR_NO_SUCH_FILE: no such file or directory
ErrorCode:42, ErrorMsg:MPI_ERR_NO_SUCH_FILE: no such file or directory
ErrorCode:42, ErrorMsg:MPI_ERR_NO_SUCH_FILE: no such file or directory
ErrorCode:42, ErrorMsg:MPI_ERR_NO_SUCH_FILE: no such file or directory
ErrorCode:42, ErrorMsg:MPI_ERR_NO_SUCH_FILE: no such file or directory
ErrorCode:42, ErrorMsg:MPI_ERR_NO_SUCH_FILE: no such file or directory
ErrorCode:42, ErrorMsg:MPI_ERR_NO_SUCH_FILE: no such file or directory
		Write:
			0.000007 Seconds
			277034610.303831 MB/S
		Read:
			0.000009 Seconds
			223101276.595745 MB/S
ErrorCode:42, ErrorMsg:MPI_ERR_NO_SUCH_FILE: no such file or directory
ErrorCode:42, ErrorMsg:MPI_ERR_NO_SUCH_FILE: no such file or directory
ErrorCode:42, ErrorMsg:MPI_ERR_NO_SUCH_FILE: no such file or directory
ErrorCode:42, ErrorMsg:MPI_ERR_NO_SUCH_FILE: no such file or directory
ErrorCode:42, ErrorMsg:MPI_ERR_NO_SUCH_FILE: no such file or directory
ErrorCode:42, ErrorMsg:MPI_ERR_NO_SUCH_FILE: no such file or directory
ErrorCode:42, ErrorMsg:MPI_ERR_NO_SUCH_FILE: no such file or directory
ErrorCode:42, ErrorMsg:MPI_ERR_NO_SUCH_FILE: no such file or directory
ErrorCode:42, ErrorMsg:MPI_ERR_NO_SUCH_FILE: no such file or directory
ErrorCode:42, ErrorMsg:MPI_ERR_NO_SUCH_FILE: no such file or directory
ErrorCode:42, ErrorMsg:MPI_ERR_NO_SUCH_FILE: no such file or directory
ErrorCode:42, ErrorMsg:MPI_ERR_NO_SUCH_FILE: no such file or directory
ErrorCode:42, ErrorMsg:MPI_ERR_NO_SUCH_FILE: no such file or directory
ErrorCode:42, ErrorMsg:MPI_ERR_NO_SUCH_FILE: no such file or directory
ErrorCode:42, ErrorMsg:MPI_ERR_NO_SUCH_FILE: no such file or directory
ErrorCode:42, ErrorMsg:MPI_ERR_NO_SUCH_FILE: no such file or directory
ErrorCode:42, ErrorMsg:MPI_ERR_NO_SUCH_FILE: no such file or directory
ErrorCode:42, ErrorMsg:MPI_ERR_NO_SUCH_FILE: no such file or directory
ErrorCode:42, ErrorMsg:MPI_ERR_NO_SUCH_FILE: no such file or directory
ErrorCode:42, ErrorMsg:MPI_ERR_NO_SUCH_FILE: no such file or directory
ErrorCode:42, ErrorMsg:MPI_ERR_NO_SUCH_FILE: no such file or directory
ErrorCode:42, ErrorMsg:MPI_ERR_NO_SUCH_FILE: no such file or directory
ErrorCode:42, ErrorMsg:MPI_ERR_NO_SUCH_FILE: no such file or directory
ErrorCode:42, ErrorMsg:MPI_ERR_NO_SUCH_FILE: no such file or directory
ErrorCode:42, ErrorMsg:MPI_ERR_NO_SUCH_FILE: no such file or directory
ErrorCode:42, ErrorMsg:MPI_ERR_NO_SUCH_FILE: no such file or directory
ErrorCode:42, ErrorMsg:MPI_ERR_NO_SUCH_FILE: no such file or directory
ErrorCode:42, ErrorMsg:MPI_ERR_NO_SUCH_FILE: no such file or directory
ErrorCode:42, ErrorMsg:MPI_ERR_NO_SUCH_FILE: no such file or directory
ErrorCode:42, ErrorMsg:MPI_ERR_NO_SUCH_FILE: no such file or directory
ErrorCode:42, ErrorMsg:MPI_ERR_NO_SUCH_FILE: no such file or directory
ErrorCode:42, ErrorMsg:MPI_ERR_NO_SUCH_FILE: no such file or directory
ErrorCode:42, ErrorMsg:MPI_ERR_NO_SUCH_FILE: no such file or directory
ErrorCode:42, ErrorMsg:MPI_ERR_NO_SUCH_FILE: no such file or directory
ErrorCode:42, ErrorMsg:MPI_ERR_NO_SUCH_FILE: no such file or directory
ErrorCode:42, ErrorMsg:MPI_ERR_NO_SUCH_FILE: no such file or directory
ErrorCode:42, ErrorMsg:MPI_ERR_NO_SUCH_FILE: no such file or directory
ErrorCode:42, ErrorMsg:MPI_ERR_NO_SUCH_FILE: no such file or directory
ErrorCode:42, ErrorMsg:MPI_ERR_NO_SUCH_FILE: no such file or directory
ErrorCode:42, ErrorMsg:MPI_ERR_NO_SUCH_FILE: no such file or directory
ErrorCode:42, ErrorMsg:MPI_ERR_NO_SUCH_FILE: no such file or directory
ErrorCode:42, ErrorMsg:MPI_ERR_NO_SUCH_FILE: no such file or directory
ErrorCode:42, ErrorMsg:MPI_ERR_NO_SUCH_FILE: no such file or directory
ErrorCode:42, ErrorMsg:MPI_ERR_NO_SUCH_FILE: no such file or directory
ErrorCode:42, ErrorMsg:MPI_ERR_NO_SUCH_FILE: no such file or directory
	Filename:/mnt/nvme/uid_7236/job_7236/test2.000000.bin, Blocksize 2.000000 MB, Filesize: 4096.000000 MB:
ErrorCode:42, ErrorMsg:MPI_ERR_NO_SUCH_FILE: no such file or directory
ErrorCode:42, ErrorMsg:MPI_ERR_NO_SUCH_FILE: no such file or directory
ErrorCode:42, ErrorMsg:MPI_ERR_NO_SUCH_FILE: no such file or directory
ErrorCode:42, ErrorMsg:MPI_ERR_NO_SUCH_FILE: no such file or directory
ErrorCode:42, ErrorMsg:MPI_ERR_NO_SUCH_FILE: no such file or directory
ErrorCode:42, ErrorMsg:MPI_ERR_NO_SUCH_FILE: no such file or directory
ErrorCode:42, ErrorMsg:MPI_ERR_NO_SUCH_FILE: no such file or directory
ErrorCode:42, ErrorMsg:MPI_ERR_NO_SUCH_FILE: no such file or directory
ErrorCode:42, ErrorMsg:MPI_ERR_NO_SUCH_FILE: no such file or directory
ErrorCode:42, ErrorMsg:MPI_ERR_NO_SUCH_FILE: no such file or directory
ErrorCode:42, ErrorMsg:MPI_ERR_NO_SUCH_FILE: no such file or directory
ErrorCode:42, ErrorMsg:MPI_ERR_NO_SUCH_FILE: no such file or directory
ErrorCode:42, ErrorMsg:MPI_ERR_NO_SUCH_FILE: no such file or directory
ErrorCode:42, ErrorMsg:MPI_ERR_NO_SUCH_FILE: no such file or directory
		Write:
			0.000007 Seconds
			557160467.587673 MB/S
		Read:
			0.000013 Seconds
			322440344.403444 MB/S
ErrorCode:42, ErrorMsg:MPI_ERR_NO_SUCH_FILE: no such file or directory
ErrorCode:42, ErrorMsg:MPI_ERR_NO_SUCH_FILE: no such file or directory
ErrorCode:42, ErrorMsg:MPI_ERR_NO_SUCH_FILE: no such file or directory
ErrorCode:42, ErrorMsg:MPI_ERR_NO_SUCH_FILE: no such file or directory
ErrorCode:42, ErrorMsg:MPI_ERR_NO_SUCH_FILE: no such file or directory
ErrorCode:42, ErrorMsg:MPI_ERR_NO_SUCH_FILE: no such file or directory
ErrorCode:42, ErrorMsg:MPI_ERR_NO_SUCH_FILE: no such file or directory
ErrorCode:42, ErrorMsg:MPI_ERR_NO_SUCH_FILE: no such file or directory
ErrorCode:42, ErrorMsg:MPI_ERR_NO_SUCH_FILE: no such file or directory
ErrorCode:42, ErrorMsg:MPI_ERR_NO_SUCH_FILE: no such file or directory
ErrorCode:42, ErrorMsg:MPI_ERR_NO_SUCH_FILE: no such file or directory
ErrorCode:42, ErrorMsg:MPI_ERR_NO_SUCH_FILE: no such file or directory
ErrorCode:42, ErrorMsg:MPI_ERR_NO_SUCH_FILE: no such file or directory
ErrorCode:42, ErrorMsg:MPI_ERR_NO_SUCH_FILE: no such file or directory
ErrorCode:42, ErrorMsg:MPI_ERR_NO_SUCH_FILE: no such file or directory
ErrorCode:42, ErrorMsg:MPI_ERR_NO_SUCH_FILE: no such file or directory
ErrorCode:42, ErrorMsg:MPI_ERR_NO_SUCH_FILE: no such file or directory
ErrorCode:42, ErrorMsg:MPI_ERR_NO_SUCH_FILE: no such file or directory
ErrorCode:42, ErrorMsg:MPI_ERR_NO_SUCH_FILE: no such file or directory
ErrorCode:42, ErrorMsg:MPI_ERR_NO_SUCH_FILE: no such file or directory
ErrorCode:42, ErrorMsg:MPI_ERR_NO_SUCH_FILE: no such file or directory
ErrorCode:42, ErrorMsg:MPI_ERR_NO_SUCH_FILE: no such file or directory
ErrorCode:42, ErrorMsg:MPI_ERR_NO_SUCH_FILE: no such file or directory
ErrorCode:42, ErrorMsg:MPI_ERR_NO_SUCH_FILE: no such file or directory
ErrorCode:42, ErrorMsg:MPI_ERR_NO_SUCH_FILE: no such file or directory
ErrorCode:42, ErrorMsg:MPI_ERR_NO_SUCH_FILE: no such file or directory
ErrorCode:42, ErrorMsg:MPI_ERR_NO_SUCH_FILE: no such file or directory
ErrorCode:42, ErrorMsg:MPI_ERR_NO_SUCH_FILE: no such file or directory
ErrorCode:42, ErrorMsg:MPI_ERR_NO_SUCH_FILE: no such file or directory
ErrorCode:42, ErrorMsg:MPI_ERR_NO_SUCH_FILE: no such file or directory
ErrorCode:42, ErrorMsg:MPI_ERR_NO_SUCH_FILE: no such file or directory
ErrorCode:42, ErrorMsg:MPI_ERR_NO_SUCH_FILE: no such file or directory
ErrorCode:42, ErrorMsg:MPI_ERR_NO_SUCH_FILE: no such file or directory
ErrorCode:42, ErrorMsg:MPI_ERR_NO_SUCH_FILE: no such file or directory
ErrorCode:42, ErrorMsg:MPI_ERR_NO_SUCH_FILE: no such file or directory
ErrorCode:42, ErrorMsg:MPI_ERR_NO_SUCH_FILE: no such file or directory
ErrorCode:42, ErrorMsg:MPI_ERR_NO_SUCH_FILE: no such file or directory
ErrorCode:42, ErrorMsg:MPI_ERR_NO_SUCH_FILE: no such file or directory
ErrorCode:42, ErrorMsg:MPI_ERR_NO_SUCH_FILE: no such file or directory
ErrorCode:42, ErrorMsg:MPI_ERR_NO_SUCH_FILE: no such file or directory
ErrorCode:42, ErrorMsg:MPI_ERR_NO_SUCH_FILE: no such file or directory
ErrorCode:42, ErrorMsg:MPI_ERR_NO_SUCH_FILE: no such file or directory
ErrorCode:42, ErrorMsg:MPI_ERR_NO_SUCH_FILE: no such file or directory
ErrorCode:42, ErrorMsg:MPI_ERR_NO_SUCH_FILE: no such file or directory
ErrorCode:42, ErrorMsg:MPI_ERR_NO_SUCH_FILE: no such file or directory
ErrorCode:42, ErrorMsg:MPI_ERR_NO_SUCH_FILE: no such file or directory
ErrorCode:42, ErrorMsg:MPI_ERR_NO_SUCH_FILE: no such file or directory
ErrorCode:42, ErrorMsg:MPI_ERR_NO_SUCH_FILE: no such file or directory
ErrorCode:42, ErrorMsg:MPI_ERR_NO_SUCH_FILE: no such file or directory
ErrorCode:42, ErrorMsg:MPI_ERR_NO_SUCH_FILE: no such file or directory
ErrorCode:42, ErrorMsg:MPI_ERR_NO_SUCH_FILE: no such file or directory
ErrorCode:42, ErrorMsg:MPI_ERR_NO_SUCH_FILE: no such file or directory
ErrorCode:42, ErrorMsg:MPI_ERR_NO_SUCH_FILE: no such file or directory
ErrorCode:42, ErrorMsg:MPI_ERR_NO_SUCH_FILE: no such file or directory
ErrorCode:42, ErrorMsg:MPI_ERR_NO_SUCH_FILE: no such file or directory
ErrorCode:42, ErrorMsg:MPI_ERR_NO_SUCH_FILE: no such file or directory
ErrorCode:42, ErrorMsg:MPI_ERR_NO_SUCH_FILE: no such file or directory
ErrorCode:42, ErrorMsg:MPI_ERR_NO_SUCH_FILE: no such file or directory
ErrorCode:42, ErrorMsg:MPI_ERR_NO_SUCH_FILE: no such file or directory
ErrorCode:42, ErrorMsg:MPI_ERR_NO_SUCH_FILE: no such file or directory
ErrorCode:42, ErrorMsg:MPI_ERR_NO_SUCH_FILE: no such file or directory
ErrorCode:42, ErrorMsg:MPI_ERR_NO_SUCH_FILE: no such file or directory
ErrorCode:42, ErrorMsg:MPI_ERR_NO_SUCH_FILE: no such file or directory
ErrorCode:42, ErrorMsg:MPI_ERR_NO_SUCH_FILE: no such file or directory
ErrorCode:42, ErrorMsg:MPI_ERR_NO_SUCH_FILE: no such file or directory
ErrorCode:42, ErrorMsg:MPI_ERR_NO_SUCH_FILE: no such file or directory
	Filename:/mnt/nvme/uid_7236/job_7236/test4.000000.bin, Blocksize 4.000000 MB, Filesize: 8192.000000 MB:
		Write:
			0.000008 Seconds
			1066167768.174886 MB/S
		Read:
			0.000010 Seconds
			841722657.033915 MB/S
ErrorCode:42, ErrorMsg:MPI_ERR_NO_SUCH_FILE: no such file or directory
ErrorCode:42, ErrorMsg:MPI_ERR_NO_SUCH_FILE: no such file or directory
ErrorCode:42, ErrorMsg:MPI_ERR_NO_SUCH_FILE: no such file or directory
ErrorCode:42, ErrorMsg:MPI_ERR_NO_SUCH_FILE: no such file or directory
ErrorCode:42, ErrorMsg:MPI_ERR_NO_SUCH_FILE: no such file or directory
ErrorCode:42, ErrorMsg:MPI_ERR_NO_SUCH_FILE: no such file or directory
ErrorCode:42, ErrorMsg:MPI_ERR_NO_SUCH_FILE: no such file or directory
ErrorCode:42, ErrorMsg:MPI_ERR_NO_SUCH_FILE: no such file or directory
ErrorCode:42, ErrorMsg:MPI_ERR_NO_SUCH_FILE: no such file or directory
ErrorCode:42, ErrorMsg:MPI_ERR_NO_SUCH_FILE: no such file or directory
ErrorCode:42, ErrorMsg:MPI_ERR_NO_SUCH_FILE: no such file or directory
ErrorCode:42, ErrorMsg:MPI_ERR_NO_SUCH_FILE: no such file or directory
ErrorCode:42, ErrorMsg:MPI_ERR_NO_SUCH_FILE: no such file or directory
ErrorCode:42, ErrorMsg:MPI_ERR_NO_SUCH_FILE: no such file or directory
ErrorCode:42, ErrorMsg:MPI_ERR_NO_SUCH_FILE: no such file or directory
ErrorCode:42, ErrorMsg:MPI_ERR_NO_SUCH_FILE: no such file or directory
ErrorCode:42, ErrorMsg:MPI_ERR_NO_SUCH_FILE: no such file or directory
ErrorCode:42, ErrorMsg:MPI_ERR_NO_SUCH_FILE: no such file or directory
ErrorCode:42, ErrorMsg:MPI_ERR_NO_SUCH_FILE: no such file or directory
ErrorCode:42, ErrorMsg:MPI_ERR_NO_SUCH_FILE: no such file or directory
ErrorCode:42, ErrorMsg:MPI_ERR_NO_SUCH_FILE: no such file or directory
ErrorCode:42, ErrorMsg:MPI_ERR_NO_SUCH_FILE: no such file or directory
ErrorCode:42, ErrorMsg:MPI_ERR_NO_SUCH_FILE: no such file or directory
ErrorCode:42, ErrorMsg:MPI_ERR_NO_SUCH_FILE: no such file or directory
ErrorCode:42, ErrorMsg:MPI_ERR_NO_SUCH_FILE: no such file or directory
ErrorCode:42, ErrorMsg:MPI_ERR_NO_SUCH_FILE: no such file or directory
ErrorCode:42, ErrorMsg:MPI_ERR_NO_SUCH_FILE: no such file or directory
ErrorCode:42, ErrorMsg:MPI_ERR_NO_SUCH_FILE: no such file or directory
ErrorCode:42, ErrorMsg:MPI_ERR_NO_SUCH_FILE: no such file or directory
ErrorCode:42, ErrorMsg:MPI_ERR_NO_SUCH_FILE: no such file or directory
ErrorCode:42, ErrorMsg:MPI_ERR_NO_SUCH_FILE: no such file or directory
ErrorCode:42, ErrorMsg:MPI_ERR_NO_SUCH_FILE: no such file or directory
ErrorCode:42, ErrorMsg:MPI_ERR_NO_SUCH_FILE: no such file or directory
ErrorCode:42, ErrorMsg:MPI_ERR_NO_SUCH_FILE: no such file or directory
ErrorCode:42, ErrorMsg:MPI_ERR_NO_SUCH_FILE: no such file or directory
ErrorCode:42, ErrorMsg:MPI_ERR_NO_SUCH_FILE: no such file or directory
ErrorCode:42, ErrorMsg:MPI_ERR_NO_SUCH_FILE: no such file or directory
ErrorCode:42, ErrorMsg:MPI_ERR_NO_SUCH_FILE: no such file or directory
ErrorCode:42, ErrorMsg:MPI_ERR_NO_SUCH_FILE: no such file or directory
ErrorCode:42, ErrorMsg:MPI_ERR_NO_SUCH_FILE: no such file or directory
ErrorCode:42, ErrorMsg:MPI_ERR_NO_SUCH_FILE: no such file or directory
ErrorCode:42, ErrorMsg:MPI_ERR_NO_SUCH_FILE: no such file or directory
ErrorCode:42, ErrorMsg:MPI_ERR_NO_SUCH_FILE: no such file or directory
ErrorCode:42, ErrorMsg:MPI_ERR_NO_SUCH_FILE: no such file or directory
ErrorCode:42, ErrorMsg:MPI_ERR_NO_SUCH_FILE: no such file or directory
ErrorCode:42, ErrorMsg:MPI_ERR_NO_SUCH_FILE: no such file or directory
ErrorCode:42, ErrorMsg:MPI_ERR_NO_SUCH_FILE: no such file or directory
ErrorCode:42, ErrorMsg:MPI_ERR_NO_SUCH_FILE: no such file or directory
ErrorCode:42, ErrorMsg:MPI_ERR_NO_SUCH_FILE: no such file or directory
ErrorCode:42, ErrorMsg:MPI_ERR_NO_SUCH_FILE: no such file or directory
ErrorCode:42, ErrorMsg:MPI_ERR_NO_SUCH_FILE: no such file or directory
ErrorCode:42, ErrorMsg:MPI_ERR_NO_SUCH_FILE: no such file or directory
ErrorCode:42, ErrorMsg:MPI_ERR_NO_SUCH_FILE: no such file or directory
ErrorCode:42, ErrorMsg:MPI_ERR_NO_SUCH_FILE: no such file or directory
ErrorCode:42, ErrorMsg:MPI_ERR_NO_SUCH_FILE: no such file or directory
	Filename:/mnt/nvme/uid_7236/job_7236/test8.000000.bin, Blocksize 8.000000 MB, Filesize: 16384.000000 MB:
ErrorCode:42, ErrorMsg:MPI_ERR_NO_SUCH_FILE: no such file or directory
ErrorCode:42, ErrorMsg:MPI_ERR_NO_SUCH_FILE: no such file or directory
ErrorCode:42, ErrorMsg:MPI_ERR_NO_SUCH_FILE: no such file or directory
ErrorCode:42, ErrorMsg:MPI_ERR_NO_SUCH_FILE: no such file or directory
ErrorCode:42, ErrorMsg:MPI_ERR_NO_SUCH_FILE: no such file or directory
ErrorCode:42, ErrorMsg:MPI_ERR_NO_SUCH_FILE: no such file or directory
ErrorCode:42, ErrorMsg:MPI_ERR_NO_SUCH_FILE: no such file or directory
ErrorCode:42, ErrorMsg:MPI_ERR_NO_SUCH_FILE: no such file or directory
ErrorCode:42, ErrorMsg:MPI_ERR_NO_SUCH_FILE: no such file or directory
ErrorCode:42, ErrorMsg:MPI_ERR_NO_SUCH_FILE: no such file or directory
ErrorCode:42, ErrorMsg:MPI_ERR_NO_SUCH_FILE: no such file or directory
		Write:
			0.000004 Seconds
			4036866217.516843 MB/S
		Read:
			0.000009 Seconds
			1903473564.783299 MB/S
ErrorCode:42, ErrorMsg:MPI_ERR_NO_SUCH_FILE: no such file or directory
ErrorCode:42, ErrorMsg:MPI_ERR_NO_SUCH_FILE: no such file or directory
ErrorCode:42, ErrorMsg:MPI_ERR_NO_SUCH_FILE: no such file or directory
ErrorCode:42, ErrorMsg:MPI_ERR_NO_SUCH_FILE: no such file or directory
ErrorCode:42, ErrorMsg:MPI_ERR_NO_SUCH_FILE: no such file or directory
ErrorCode:42, ErrorMsg:MPI_ERR_NO_SUCH_FILE: no such file or directory
ErrorCode:42, ErrorMsg:MPI_ERR_NO_SUCH_FILE: no such file or directory
ErrorCode:42, ErrorMsg:MPI_ERR_NO_SUCH_FILE: no such file or directory
ErrorCode:42, ErrorMsg:MPI_ERR_NO_SUCH_FILE: no such file or directory
ErrorCode:42, ErrorMsg:MPI_ERR_NO_SUCH_FILE: no such file or directory
ErrorCode:42, ErrorMsg:MPI_ERR_NO_SUCH_FILE: no such file or directory
ErrorCode:42, ErrorMsg:MPI_ERR_NO_SUCH_FILE: no such file or directory
ErrorCode:42, ErrorMsg:MPI_ERR_NO_SUCH_FILE: no such file or directory
ErrorCode:42, ErrorMsg:MPI_ERR_NO_SUCH_FILE: no such file or directory
ErrorCode:42, ErrorMsg:MPI_ERR_NO_SUCH_FILE: no such file or directory
ErrorCode:42, ErrorMsg:MPI_ERR_NO_SUCH_FILE: no such file or directory
ErrorCode:42, ErrorMsg:MPI_ERR_NO_SUCH_FILE: no such file or directory
ErrorCode:42, ErrorMsg:MPI_ERR_NO_SUCH_FILE: no such file or directory
ErrorCode:42, ErrorMsg:MPI_ERR_NO_SUCH_FILE: no such file or directory
ErrorCode:42, ErrorMsg:MPI_ERR_NO_SUCH_FILE: no such file or directory
ErrorCode:42, ErrorMsg:MPI_ERR_NO_SUCH_FILE: no such file or directory
ErrorCode:42, ErrorMsg:MPI_ERR_NO_SUCH_FILE: no such file or directory
ErrorCode:42, ErrorMsg:MPI_ERR_NO_SUCH_FILE: no such file or directory
ErrorCode:42, ErrorMsg:MPI_ERR_NO_SUCH_FILE: no such file or directory
ErrorCode:42, ErrorMsg:MPI_ERR_NO_SUCH_FILE: no such file or directory
ErrorCode:42, ErrorMsg:MPI_ERR_NO_SUCH_FILE: no such file or directory
ErrorCode:42, ErrorMsg:MPI_ERR_NO_SUCH_FILE: no such file or directory
ErrorCode:42, ErrorMsg:MPI_ERR_NO_SUCH_FILE: no such file or directory
ErrorCode:42, ErrorMsg:MPI_ERR_NO_SUCH_FILE: no such file or directory
ErrorCode:42, ErrorMsg:MPI_ERR_NO_SUCH_FILE: no such file or directory
ErrorCode:42, ErrorMsg:MPI_ERR_NO_SUCH_FILE: no such file or directory
ErrorCode:42, ErrorMsg:MPI_ERR_NO_SUCH_FILE: no such file or directory
ErrorCode:42, ErrorMsg:MPI_ERR_NO_SUCH_FILE: no such file or directory
ErrorCode:42, ErrorMsg:MPI_ERR_NO_SUCH_FILE: no such file or directory
ErrorCode:42, ErrorMsg:MPI_ERR_NO_SUCH_FILE: no such file or directory
ErrorCode:42, ErrorMsg:MPI_ERR_NO_SUCH_FILE: no such file or directory
ErrorCode:42, ErrorMsg:MPI_ERR_NO_SUCH_FILE: no such file or directory
ErrorCode:42, ErrorMsg:MPI_ERR_NO_SUCH_FILE: no such file or directory
ErrorCode:42, ErrorMsg:MPI_ERR_NO_SUCH_FILE: no such file or directory
ErrorCode:42, ErrorMsg:MPI_ERR_NO_SUCH_FILE: no such file or directory
ErrorCode:42, ErrorMsg:MPI_ERR_NO_SUCH_FILE: no such file or directory
ErrorCode:42, ErrorMsg:MPI_ERR_NO_SUCH_FILE: no such file or directory
ErrorCode:42, ErrorMsg:MPI_ERR_NO_SUCH_FILE: no such file or directory
ErrorCode:42, ErrorMsg:MPI_ERR_NO_SUCH_FILE: no such file or directory
ErrorCode:42, ErrorMsg:MPI_ERR_NO_SUCH_FILE: no such file or directory
ErrorCode:42, ErrorMsg:MPI_ERR_NO_SUCH_FILE: no such file or directory
ErrorCode:42, ErrorMsg:MPI_ERR_NO_SUCH_FILE: no such file or directory
ErrorCode:42, ErrorMsg:MPI_ERR_NO_SUCH_FILE: no such file or directory
ErrorCode:42, ErrorMsg:MPI_ERR_NO_SUCH_FILE: no such file or directory
ErrorCode:42, ErrorMsg:MPI_ERR_NO_SUCH_FILE: no such file or directory
ErrorCode:42, ErrorMsg:MPI_ERR_NO_SUCH_FILE: no such file or directory
ErrorCode:42, ErrorMsg:MPI_ERR_NO_SUCH_FILE: no such file or directory
	Filename:/mnt/nvme/uid_7236/job_7236/test16.000000.bin, Blocksize 16.000000 MB, Filesize: 32768.000000 MB:
ErrorCode:42, ErrorMsg:MPI_ERR_NO_SUCH_FILE: no such file or directory
ErrorCode:42, ErrorMsg:MPI_ERR_NO_SUCH_FILE: no such file or directory
ErrorCode:42, ErrorMsg:MPI_ERR_NO_SUCH_FILE: no such file or directory
ErrorCode:42, ErrorMsg:MPI_ERR_NO_SUCH_FILE: no such file or directory
ErrorCode:42, ErrorMsg:MPI_ERR_NO_SUCH_FILE: no such file or directory
ErrorCode:42, ErrorMsg:MPI_ERR_NO_SUCH_FILE: no such file or directory
ErrorCode:42, ErrorMsg:MPI_ERR_NO_SUCH_FILE: no such file or directory
ErrorCode:42, ErrorMsg:MPI_ERR_NO_SUCH_FILE: no such file or directory
ErrorCode:42, ErrorMsg:MPI_ERR_NO_SUCH_FILE: no such file or directory
ErrorCode:42, ErrorMsg:MPI_ERR_NO_SUCH_FILE: no such file or directory
		Write:
			0.000008 Seconds
			4321797011.849562 MB/S
		Read:
			0.000010 Seconds
			3260244073.066459 MB/S
ErrorCode:42, ErrorMsg:MPI_ERR_NO_SUCH_FILE: no such file or directory
ErrorCode:42, ErrorMsg:MPI_ERR_NO_SUCH_FILE: no such file or directory
ErrorCode:42, ErrorMsg:MPI_ERR_NO_SUCH_FILE: no such file or directory
ErrorCode:42, ErrorMsg:MPI_ERR_NO_SUCH_FILE: no such file or directory
ErrorCode:42, ErrorMsg:MPI_ERR_NO_SUCH_FILE: no such file or directory
ErrorCode:42, ErrorMsg:MPI_ERR_NO_SUCH_FILE: no such file or directory
ErrorCode:42, ErrorMsg:MPI_ERR_NO_SUCH_FILE: no such file or directory
ErrorCode:42, ErrorMsg:MPI_ERR_NO_SUCH_FILE: no such file or directory
ErrorCode:42, ErrorMsg:MPI_ERR_NO_SUCH_FILE: no such file or directory
ErrorCode:42, ErrorMsg:MPI_ERR_NO_SUCH_FILE: no such file or directory
ErrorCode:42, ErrorMsg:MPI_ERR_NO_SUCH_FILE: no such file or directory
ErrorCode:42, ErrorMsg:MPI_ERR_NO_SUCH_FILE: no such file or directory
ErrorCode:42, ErrorMsg:MPI_ERR_NO_SUCH_FILE: no such file or directory
ErrorCode:42, ErrorMsg:MPI_ERR_NO_SUCH_FILE: no such file or directory
ErrorCode:42, ErrorMsg:MPI_ERR_NO_SUCH_FILE: no such file or directory
ErrorCode:42, ErrorMsg:MPI_ERR_NO_SUCH_FILE: no such file or directory
ErrorCode:42, ErrorMsg:MPI_ERR_NO_SUCH_FILE: no such file or directory
ErrorCode:42, ErrorMsg:MPI_ERR_NO_SUCH_FILE: no such file or directory
ErrorCode:42, ErrorMsg:MPI_ERR_NO_SUCH_FILE: no such file or directory
ErrorCode:42, ErrorMsg:MPI_ERR_NO_SUCH_FILE: no such file or directory
ErrorCode:42, ErrorMsg:MPI_ERR_NO_SUCH_FILE: no such file or directory
ErrorCode:42, ErrorMsg:MPI_ERR_NO_SUCH_FILE: no such file or directory
ErrorCode:42, ErrorMsg:MPI_ERR_NO_SUCH_FILE: no such file or directory
ErrorCode:42, ErrorMsg:MPI_ERR_NO_SUCH_FILE: no such file or directory
ErrorCode:42, ErrorMsg:MPI_ERR_NO_SUCH_FILE: no such file or directory
ErrorCode:42, ErrorMsg:MPI_ERR_NO_SUCH_FILE: no such file or directory
ErrorCode:42, ErrorMsg:MPI_ERR_NO_SUCH_FILE: no such file or directory
ErrorCode:42, ErrorMsg:MPI_ERR_NO_SUCH_FILE: no such file or directory
ErrorCode:42, ErrorMsg:MPI_ERR_NO_SUCH_FILE: no such file or directory
ErrorCode:42, ErrorMsg:MPI_ERR_NO_SUCH_FILE: no such file or directory
ErrorCode:42, ErrorMsg:MPI_ERR_NO_SUCH_FILE: no such file or directory
+ rm /tmp/hosts.1741126
