+ '[' x64 = x ']'
+ '[' x32 = x ']'
+ srun hostname -s
+ sort -u
+ awk '{ print $0 "-ib slots=32"; }/tmp/hosts.1741128'
+ mv /tmp/tmp.1741128 /tmp/hosts.1741128
+ module load xl_r spectrum-mpi cuda/11.2
++ /usr/share/lmod/lmod/libexec/lmod bash load xl_r spectrum-mpi cuda/11.2
+ eval 'CC=/opt/ibm/xlC/16.1.1/bin/xlc_r;' export 'CC;' 'CCI_SMPI_SET_TS=2021082400;' export 'CCI_SMPI_SET_TS;' 'CPP=/opt/ibm/xlC/16.1.1/bin/xlc_r\' '-E;' export 'CPP;' 'CUDA_HOME=/usr/local/cuda-11.2;' export 'CUDA_HOME;' 'CUDA_PATH=/usr/local/cuda-11.2;' export 'CUDA_PATH;' 'CXX=/opt/ibm/xlC/16.1.1/bin/xlc++_r;' export 'CXX;' 'CXXCPP=/opt/ibm/xlC/16.1.1/bin/xlc++_r\' '-E;' export 'CXXCPP;' 'F77=/opt/ibm/xlf/16.1.1/bin/xlf_r;' export 'F77;' 'F90=/opt/ibm/xlf/16.1.1/bin/xlf90_r;' export 'F90;' 'F95=/opt/ibm/xlf/16.1.1/bin/xlf95_r;' export 'F95;' '__LMOD_REF_COUNT_LD_LIBRARY_PATH=/usr/local/cuda-11.2/lib64:1\;/opt/ibm/spectrum_mpi/profilesupport/lib:1\;/opt/ibm/spectrum_mpi/lib:1\;/opt/mellanox/sharp/lib:1\;/opt/mellanox/hcoll/lib:1;' export '__LMOD_REF_COUNT_LD_LIBRARY_PATH;' 'LD_LIBRARY_PATH=/usr/local/cuda-11.2/lib64:/opt/ibm/spectrum_mpi/profilesupport/lib:/opt/ibm/spectrum_mpi/lib:/opt/mellanox/sharp/lib:/opt/mellanox/hcoll/lib;' export 'LD_LIBRARY_PATH;' 'LMOD_FAMILY_COMPILER=xl_r;' export 'LMOD_FAMILY_COMPILER;' 'LMOD_FAMILY_COMPILER_VERSION=16.1.1;' export 'LMOD_FAMILY_COMPILER_VERSION;' 'LMOD_FAMILY_MPI=spectrum-mpi;' export 'LMOD_FAMILY_MPI;' 'LMOD_FAMILY_MPI_VERSION=10.4;' export 'LMOD_FAMILY_MPI_VERSION;' '__LMOD_REF_COUNT_LOADEDMODULES=xl_r/16.1.1:1\;spectrum-mpi/10.4:1\;cuda/11.2:1;' export '__LMOD_REF_COUNT_LOADEDMODULES;' 'LOADEDMODULES=xl_r/16.1.1:spectrum-mpi/10.4:cuda/11.2;' export 'LOADEDMODULES;' 'MANPATH=/opt/ibm/spectrum_mpi/share/man;' export 'MANPATH;' '__LMOD_REF_COUNT_MODULEPATH=/gpfs/u/software/dcs-rhel8/modulefiles/dcs-rhel8/modulefiles/.spectrum-mpi/10.4/.cuda/11.2:1\;/gpfs/u/software/dcs-rhel8/modulefiles/.spectrum-mpi/10.4:1\;/gpfs/u/software/dcs-rhel8/modulefiles/.xl_r/16.1.1:1\;/gpfs/u/software/dcs-rhel8/modulefiles:1;' export '__LMOD_REF_COUNT_MODULEPATH;' 'MODULEPATH=/gpfs/u/software/dcs-rhel8/modulefiles/dcs-rhel8/modulefiles/.spectrum-mpi/10.4/.cuda/11.2:/gpfs/u/software/dcs-rhel8/modulefiles/.spectrum-mpi/10.4:/gpfs/u/software/dcs-rhel8/modulefiles/.xl_r/16.1.1:/gpfs/u/software/dcs-rhel8/modulefiles;' export 'MODULEPATH;' 'MPI_ROOT=/opt/ibm/spectrum_mpi;' export 'MPI_ROOT;' 'OPAL_LIBDIR=/opt/ibm/spectrum_mpi/lib;' export 'OPAL_LIBDIR;' 'PAMI_ENABLE_STRIPING=0;' export 'PAMI_ENABLE_STRIPING;' 'PAMI_IBV_ADAPTER_AFFINITY=1;' export 'PAMI_IBV_ADAPTER_AFFINITY;' 'PAMI_IBV_ENABLE_OOO_AR=1;' export 'PAMI_IBV_ENABLE_OOO_AR;' '__LMOD_REF_COUNT_PATH=/usr/local/cuda-11.2/bin:1\;/opt/ibm/spectrum_mpi/bin:1\;/opt/ibm/xlf/16.1.1/bin:1\;/opt/ibm/xlC/16.1.1/bin:1\;/usr/lpp/mmfs/bin:1\;/usr/local/bin:1\;/usr/bin:1\;/usr/local/sbin:1\;/usr/sbin:1\;/gpfs/u/home/PCPB/PCPBwldj/.local/bin:1\;/gpfs/u/home/PCPB/PCPBwldj/bin:1;' export '__LMOD_REF_COUNT_PATH;' 'PATH=/usr/local/cuda-11.2/bin:/opt/ibm/spectrum_mpi/bin:/opt/ibm/xlf/16.1.1/bin:/opt/ibm/xlC/16.1.1/bin:/usr/lpp/mmfs/bin:/usr/local/bin:/usr/bin:/usr/local/sbin:/usr/sbin:/gpfs/u/home/PCPB/PCPBwldj/.local/bin:/gpfs/u/home/PCPB/PCPBwldj/bin;' export 'PATH;' '__LMOD_REF_COUNT__LMFILES_=/gpfs/u/software/dcs-rhel8/modulefiles/xl_r/16.1.1.lua:1\;/gpfs/u/software/dcs-rhel8/modulefiles/spectrum-mpi/10.4.lua:1\;/gpfs/u/software/dcs-rhel8/modulefiles/.spectrum-mpi/10.4/cuda/11.2.lua:1;' export '__LMOD_REF_COUNT__LMFILES_;' '_LMFILES_=/gpfs/u/software/dcs-rhel8/modulefiles/xl_r/16.1.1.lua:/gpfs/u/software/dcs-rhel8/modulefiles/spectrum-mpi/10.4.lua:/gpfs/u/software/dcs-rhel8/modulefiles/.spectrum-mpi/10.4/cuda/11.2.lua;' export '_LMFILES_;' '_ModuleTable001_=X01vZHVsZVRhYmxlXz17WyJNVHZlcnNpb24iXT0zLFsiY19yZWJ1aWxkVGltZSJdPWZhbHNlLFsiY19zaG9ydFRpbWUiXT1mYWxzZSxkZXB0aFQ9e30sZmFtaWx5PXtbImNvbXBpbGVyIl09InhsX3IiLFsibXBpIl09InNwZWN0cnVtLW1waSIsfSxtVD17Y3VkYT17WyJmbiJdPSIvZ3Bmcy91L3NvZnR3YXJlL2Rjcy1yaGVsOC9tb2R1bGVmaWxlcy8uc3BlY3RydW0tbXBpLzEwLjQvY3VkYS8xMS4yLmx1YSIsWyJmdWxsTmFtZSJdPSJjdWRhLzExLjIiLFsibG9hZE9yZGVyIl09Myxwcm9wVD17c3RhdGU9e1sidGVzdGluZyJdPTEsfSx9LFsic3RhY2tEZXB0aCJdPTAsWyJzdGF0dXMiXT0iYWN0aXZlIixbInVzZXJOYW1lIl09ImN1ZGEvMTEuMiIsfSxbInNwZWN0cnVtLW1waSJd;' export '_ModuleTable001_;' '_ModuleTable002_=PXtbImZuIl09Ii9ncGZzL3Uvc29mdHdhcmUvZGNzLXJoZWw4L21vZHVsZWZpbGVzL3NwZWN0cnVtLW1waS8xMC40Lmx1YSIsWyJmdWxsTmFtZSJdPSJzcGVjdHJ1bS1tcGkvMTAuNCIsWyJsb2FkT3JkZXIiXT0yLHByb3BUPXtzdGF0ZT17WyJ0ZXN0aW5nIl09MSx9LH0sWyJzdGFja0RlcHRoIl09MCxbInN0YXR1cyJdPSJhY3RpdmUiLFsidXNlck5hbWUiXT0ic3BlY3RydW0tbXBpIix9LHhsX3I9e1siZm4iXT0iL2dwZnMvdS9zb2Z0d2FyZS9kY3MtcmhlbDgvbW9kdWxlZmlsZXMveGxfci8xNi4xLjEubHVhIixbImZ1bGxOYW1lIl09InhsX3IvMTYuMS4xIixbImxvYWRPcmRlciJdPTEscHJvcFQ9e30sWyJzdGFja0RlcHRoIl09MCxbInN0YXR1cyJdPSJhY3RpdmUiLFsidXNl;' export '_ModuleTable002_;' '_ModuleTable003_=ck5hbWUiXT0ieGxfciIsfSx9LG1wYXRoQT17Ii9ncGZzL3Uvc29mdHdhcmUvZGNzLXJoZWw4L21vZHVsZWZpbGVzL2Rjcy1yaGVsOC9tb2R1bGVmaWxlcy8uc3BlY3RydW0tbXBpLzEwLjQvLmN1ZGEvMTEuMiIsIi9ncGZzL3Uvc29mdHdhcmUvZGNzLXJoZWw4L21vZHVsZWZpbGVzLy5zcGVjdHJ1bS1tcGkvMTAuNCIsIi9ncGZzL3Uvc29mdHdhcmUvZGNzLXJoZWw4L21vZHVsZWZpbGVzLy54bF9yLzE2LjEuMSIsIi9ncGZzL3Uvc29mdHdhcmUvZGNzLXJoZWw4L21vZHVsZWZpbGVzIix9LFsic3lzdGVtQmFzZU1QQVRIIl09Ii9ncGZzL3Uvc29mdHdhcmUvZGNzLXJoZWw4L21vZHVsZWZpbGVzIix9;' export '_ModuleTable003_;' '_ModuleTable_Sz_=3;' export '_ModuleTable_Sz_;'
++ CC=/opt/ibm/xlC/16.1.1/bin/xlc_r
++ export CC
++ CCI_SMPI_SET_TS=2021082400
++ export CCI_SMPI_SET_TS
++ CPP='/opt/ibm/xlC/16.1.1/bin/xlc_r -E'
++ export CPP
++ CUDA_HOME=/usr/local/cuda-11.2
++ export CUDA_HOME
++ CUDA_PATH=/usr/local/cuda-11.2
++ export CUDA_PATH
++ CXX=/opt/ibm/xlC/16.1.1/bin/xlc++_r
++ export CXX
++ CXXCPP='/opt/ibm/xlC/16.1.1/bin/xlc++_r -E'
++ export CXXCPP
++ F77=/opt/ibm/xlf/16.1.1/bin/xlf_r
++ export F77
++ F90=/opt/ibm/xlf/16.1.1/bin/xlf90_r
++ export F90
++ F95=/opt/ibm/xlf/16.1.1/bin/xlf95_r
++ export F95
++ __LMOD_REF_COUNT_LD_LIBRARY_PATH='/usr/local/cuda-11.2/lib64:1;/opt/ibm/spectrum_mpi/profilesupport/lib:1;/opt/ibm/spectrum_mpi/lib:1;/opt/mellanox/sharp/lib:1;/opt/mellanox/hcoll/lib:1'
++ export __LMOD_REF_COUNT_LD_LIBRARY_PATH
++ LD_LIBRARY_PATH=/usr/local/cuda-11.2/lib64:/opt/ibm/spectrum_mpi/profilesupport/lib:/opt/ibm/spectrum_mpi/lib:/opt/mellanox/sharp/lib:/opt/mellanox/hcoll/lib
++ export LD_LIBRARY_PATH
++ LMOD_FAMILY_COMPILER=xl_r
++ export LMOD_FAMILY_COMPILER
++ LMOD_FAMILY_COMPILER_VERSION=16.1.1
++ export LMOD_FAMILY_COMPILER_VERSION
++ LMOD_FAMILY_MPI=spectrum-mpi
++ export LMOD_FAMILY_MPI
++ LMOD_FAMILY_MPI_VERSION=10.4
++ export LMOD_FAMILY_MPI_VERSION
++ __LMOD_REF_COUNT_LOADEDMODULES='xl_r/16.1.1:1;spectrum-mpi/10.4:1;cuda/11.2:1'
++ export __LMOD_REF_COUNT_LOADEDMODULES
++ LOADEDMODULES=xl_r/16.1.1:spectrum-mpi/10.4:cuda/11.2
++ export LOADEDMODULES
++ MANPATH=/opt/ibm/spectrum_mpi/share/man
++ export MANPATH
++ __LMOD_REF_COUNT_MODULEPATH='/gpfs/u/software/dcs-rhel8/modulefiles/dcs-rhel8/modulefiles/.spectrum-mpi/10.4/.cuda/11.2:1;/gpfs/u/software/dcs-rhel8/modulefiles/.spectrum-mpi/10.4:1;/gpfs/u/software/dcs-rhel8/modulefiles/.xl_r/16.1.1:1;/gpfs/u/software/dcs-rhel8/modulefiles:1'
++ export __LMOD_REF_COUNT_MODULEPATH
++ MODULEPATH=/gpfs/u/software/dcs-rhel8/modulefiles/dcs-rhel8/modulefiles/.spectrum-mpi/10.4/.cuda/11.2:/gpfs/u/software/dcs-rhel8/modulefiles/.spectrum-mpi/10.4:/gpfs/u/software/dcs-rhel8/modulefiles/.xl_r/16.1.1:/gpfs/u/software/dcs-rhel8/modulefiles
++ export MODULEPATH
++ MPI_ROOT=/opt/ibm/spectrum_mpi
++ export MPI_ROOT
++ OPAL_LIBDIR=/opt/ibm/spectrum_mpi/lib
++ export OPAL_LIBDIR
++ PAMI_ENABLE_STRIPING=0
++ export PAMI_ENABLE_STRIPING
++ PAMI_IBV_ADAPTER_AFFINITY=1
++ export PAMI_IBV_ADAPTER_AFFINITY
++ PAMI_IBV_ENABLE_OOO_AR=1
++ export PAMI_IBV_ENABLE_OOO_AR
++ __LMOD_REF_COUNT_PATH='/usr/local/cuda-11.2/bin:1;/opt/ibm/spectrum_mpi/bin:1;/opt/ibm/xlf/16.1.1/bin:1;/opt/ibm/xlC/16.1.1/bin:1;/usr/lpp/mmfs/bin:1;/usr/local/bin:1;/usr/bin:1;/usr/local/sbin:1;/usr/sbin:1;/gpfs/u/home/PCPB/PCPBwldj/.local/bin:1;/gpfs/u/home/PCPB/PCPBwldj/bin:1'
++ export __LMOD_REF_COUNT_PATH
++ PATH=/usr/local/cuda-11.2/bin:/opt/ibm/spectrum_mpi/bin:/opt/ibm/xlf/16.1.1/bin:/opt/ibm/xlC/16.1.1/bin:/usr/lpp/mmfs/bin:/usr/local/bin:/usr/bin:/usr/local/sbin:/usr/sbin:/gpfs/u/home/PCPB/PCPBwldj/.local/bin:/gpfs/u/home/PCPB/PCPBwldj/bin
++ export PATH
++ __LMOD_REF_COUNT__LMFILES_='/gpfs/u/software/dcs-rhel8/modulefiles/xl_r/16.1.1.lua:1;/gpfs/u/software/dcs-rhel8/modulefiles/spectrum-mpi/10.4.lua:1;/gpfs/u/software/dcs-rhel8/modulefiles/.spectrum-mpi/10.4/cuda/11.2.lua:1'
++ export __LMOD_REF_COUNT__LMFILES_
++ _LMFILES_=/gpfs/u/software/dcs-rhel8/modulefiles/xl_r/16.1.1.lua:/gpfs/u/software/dcs-rhel8/modulefiles/spectrum-mpi/10.4.lua:/gpfs/u/software/dcs-rhel8/modulefiles/.spectrum-mpi/10.4/cuda/11.2.lua
++ export _LMFILES_
++ _ModuleTable001_=X01vZHVsZVRhYmxlXz17WyJNVHZlcnNpb24iXT0zLFsiY19yZWJ1aWxkVGltZSJdPWZhbHNlLFsiY19zaG9ydFRpbWUiXT1mYWxzZSxkZXB0aFQ9e30sZmFtaWx5PXtbImNvbXBpbGVyIl09InhsX3IiLFsibXBpIl09InNwZWN0cnVtLW1waSIsfSxtVD17Y3VkYT17WyJmbiJdPSIvZ3Bmcy91L3NvZnR3YXJlL2Rjcy1yaGVsOC9tb2R1bGVmaWxlcy8uc3BlY3RydW0tbXBpLzEwLjQvY3VkYS8xMS4yLmx1YSIsWyJmdWxsTmFtZSJdPSJjdWRhLzExLjIiLFsibG9hZE9yZGVyIl09Myxwcm9wVD17c3RhdGU9e1sidGVzdGluZyJdPTEsfSx9LFsic3RhY2tEZXB0aCJdPTAsWyJzdGF0dXMiXT0iYWN0aXZlIixbInVzZXJOYW1lIl09ImN1ZGEvMTEuMiIsfSxbInNwZWN0cnVtLW1waSJd
++ export _ModuleTable001_
++ _ModuleTable002_=PXtbImZuIl09Ii9ncGZzL3Uvc29mdHdhcmUvZGNzLXJoZWw4L21vZHVsZWZpbGVzL3NwZWN0cnVtLW1waS8xMC40Lmx1YSIsWyJmdWxsTmFtZSJdPSJzcGVjdHJ1bS1tcGkvMTAuNCIsWyJsb2FkT3JkZXIiXT0yLHByb3BUPXtzdGF0ZT17WyJ0ZXN0aW5nIl09MSx9LH0sWyJzdGFja0RlcHRoIl09MCxbInN0YXR1cyJdPSJhY3RpdmUiLFsidXNlck5hbWUiXT0ic3BlY3RydW0tbXBpIix9LHhsX3I9e1siZm4iXT0iL2dwZnMvdS9zb2Z0d2FyZS9kY3MtcmhlbDgvbW9kdWxlZmlsZXMveGxfci8xNi4xLjEubHVhIixbImZ1bGxOYW1lIl09InhsX3IvMTYuMS4xIixbImxvYWRPcmRlciJdPTEscHJvcFQ9e30sWyJzdGFja0RlcHRoIl09MCxbInN0YXR1cyJdPSJhY3RpdmUiLFsidXNl
++ export _ModuleTable002_
++ _ModuleTable003_=ck5hbWUiXT0ieGxfciIsfSx9LG1wYXRoQT17Ii9ncGZzL3Uvc29mdHdhcmUvZGNzLXJoZWw4L21vZHVsZWZpbGVzL2Rjcy1yaGVsOC9tb2R1bGVmaWxlcy8uc3BlY3RydW0tbXBpLzEwLjQvLmN1ZGEvMTEuMiIsIi9ncGZzL3Uvc29mdHdhcmUvZGNzLXJoZWw4L21vZHVsZWZpbGVzLy5zcGVjdHJ1bS1tcGkvMTAuNCIsIi9ncGZzL3Uvc29mdHdhcmUvZGNzLXJoZWw4L21vZHVsZWZpbGVzLy54bF9yLzE2LjEuMSIsIi9ncGZzL3Uvc29mdHdhcmUvZGNzLXJoZWw4L21vZHVsZWZpbGVzIix9LFsic3lzdGVtQmFzZU1QQVRIIl09Ii9ncGZzL3Uvc29mdHdhcmUvZGNzLXJoZWw4L21vZHVsZWZpbGVzIix9
++ export _ModuleTable003_
++ _ModuleTable_Sz_=3
++ export _ModuleTable_Sz_
++ : -s sh
+ eval
+ mpirun -hostfile /tmp/hosts.1741128 -np 64 /gpfs/u/home/PCPB/PCPBwldj/scratch/CSCI-6360-Parallel-Computing/Assignment5/benchmark.out
[dcs102:3052810] [[48559,0],0] ORTE_ERROR_LOG: Take next option in file ../../../../../opensrc/ompi/orte/mca/rmaps/base/rmaps_base_support_fns.c at line 66
[dcs102:3052810] [[48559,0],0] ORTE_ERROR_LOG: Take next option in file ../../../../../opensrc/ompi/orte/mca/rmaps/base/rmaps_base_support_fns.c at line 66
Benchmarking for scratch:
	Filename:/gpfs/u/home/PCPB/PCPBwldj/scratch/test0.125000.bin, Blocksize 0.125000 MB, Filesize: 256.000000 MB:
		Write:
			0.327278 Seconds
			782.210754 MB/S
		Read:
			0.297114 Seconds
			861.621702 MB/S
	Filename:/gpfs/u/home/PCPB/PCPBwldj/scratch/test0.250000.bin, Blocksize 0.250000 MB, Filesize: 512.000000 MB:
		Write:
			0.512147 Seconds
			999.713781 MB/S
		Read:
			0.166042 Seconds
			3083.564463 MB/S
	Filename:/gpfs/u/home/PCPB/PCPBwldj/scratch/test0.500000.bin, Blocksize 0.500000 MB, Filesize: 1024.000000 MB:
		Write:
			0.817258 Seconds
			1252.970496 MB/S
		Read:
			0.006344 Seconds
			161410.867328 MB/S
	Filename:/gpfs/u/home/PCPB/PCPBwldj/scratch/test1.000000.bin, Blocksize 1.000000 MB, Filesize: 2048.000000 MB:
		Write:
			0.979130 Seconds
			2091.652122 MB/S
		Read:
			0.177725 Seconds
			11523.427348 MB/S
	Filename:/gpfs/u/home/PCPB/PCPBwldj/scratch/test2.000000.bin, Blocksize 2.000000 MB, Filesize: 4096.000000 MB:
		Write:
			1.550735 Seconds
			2641.327296 MB/S
		Read:
			0.135521 Seconds
			30224.051067 MB/S
	Filename:/gpfs/u/home/PCPB/PCPBwldj/scratch/test4.000000.bin, Blocksize 4.000000 MB, Filesize: 8192.000000 MB:
		Write:
			1.215182 Seconds
			6741.374736 MB/S
		Read:
			0.217803 Seconds
			37611.974498 MB/S
	Filename:/gpfs/u/home/PCPB/PCPBwldj/scratch/test8.000000.bin, Blocksize 8.000000 MB, Filesize: 16384.000000 MB:
		Write:
			1.129030 Seconds
			14511.578156 MB/S
		Read:
			0.356305 Seconds
			45983.063442 MB/S
	Filename:/gpfs/u/home/PCPB/PCPBwldj/scratch/test16.000000.bin, Blocksize 16.000000 MB, Filesize: 32768.000000 MB:
		Write:
			2.214028 Seconds
			14800.171460 MB/S
		Read:
			0.691653 Seconds
			47376.375056 MB/S
Benchmarking for NVMe:
ErrorCode:35, ErrorMsg:MPI_ERR_IO: input/output error
ErrorCode:35, ErrorMsg:MPI_ERR_IO: input/output error
ErrorCode:35, ErrorMsg:MPI_ERR_IO: input/output error
ErrorCode:35, ErrorMsg:MPI_ERR_IO: input/output error
ErrorCode:35, ErrorMsg:MPI_ERR_IO: input/output error
ErrorCode:35, ErrorMsg:MPI_ERR_IO: input/output error
ErrorCode:35, ErrorMsg:MPI_ERR_IO: input/output error
ErrorCode:35, ErrorMsg:MPI_ERR_IO: input/output error
ErrorCode:35, ErrorMsg:MPI_ERR_IO: input/output error
ErrorCode:35, ErrorMsg:MPI_ERR_IO: input/output error
	Filename:/mnt/nvme/uid_7236/job_1741128/test0.125000.bin, Blocksize 0.125000 MB, Filesize: 256.000000 MB:
ErrorCode:35, ErrorMsg:MPI_ERR_IO: input/output error
ErrorCode:35, ErrorMsg:MPI_ERR_IO: input/output error
ErrorCode:35, ErrorMsg:MPI_ERR_IO: input/output error
ErrorCode:35, ErrorMsg:MPI_ERR_IO: input/output error
ErrorCode:35, ErrorMsg:MPI_ERR_IO: input/output error
ErrorCode:35, ErrorMsg:MPI_ERR_IO: input/output error
ErrorCode:35, ErrorMsg:MPI_ERR_IO: input/output error
ErrorCode:35, ErrorMsg:MPI_ERR_IO: input/output error
ErrorCode:35, ErrorMsg:MPI_ERR_IO: input/output error
ErrorCode:35, ErrorMsg:MPI_ERR_IO: input/output error
ErrorCode:35, ErrorMsg:MPI_ERR_IO: input/output error
ErrorCode:35, ErrorMsg:MPI_ERR_IO: input/output error
ErrorCode:35, ErrorMsg:MPI_ERR_IO: input/output error
ErrorCode:35, ErrorMsg:MPI_ERR_IO: input/output error
ErrorCode:35, ErrorMsg:MPI_ERR_IO: input/output error
ErrorCode:35, ErrorMsg:MPI_ERR_IO: input/output error
ErrorCode:35, ErrorMsg:MPI_ERR_IO: input/output error
ErrorCode:35, ErrorMsg:MPI_ERR_IO: input/output error
ErrorCode:35, ErrorMsg:MPI_ERR_IO: input/output error
ErrorCode:42, ErrorMsg:MPI_ERR_NO_SUCH_FILE: no such file or directory
ErrorCode:35, ErrorMsg:MPI_ERR_IO: input/output error
ErrorCode:35, ErrorMsg:MPI_ERR_IO: input/output error
		Write:
			0.000008 Seconds
			31447216.890595 MB/S
		Read:
			0.000007 Seconds
ErrorCode:35, ErrorMsg:MPI_ERR_IO: input/output error
			37204655.123474 MB/S
ErrorCode:42, ErrorMsg:MPI_ERR_NO_SUCH_FILE: no such file or directory
ErrorCode:42, ErrorMsg:MPI_ERR_NO_SUCH_FILE: no such file or directory
ErrorCode:42, ErrorMsg:MPI_ERR_NO_SUCH_FILE: no such file or directory
ErrorCode:42, ErrorMsg:MPI_ERR_NO_SUCH_FILE: no such file or directory
ErrorCode:42, ErrorMsg:MPI_ERR_NO_SUCH_FILE: no such file or directory
ErrorCode:42, ErrorMsg:MPI_ERR_NO_SUCH_FILE: no such file or directory
ErrorCode:42, ErrorMsg:MPI_ERR_NO_SUCH_FILE: no such file or directory
ErrorCode:42, ErrorMsg:MPI_ERR_NO_SUCH_FILE: no such file or directory
ErrorCode:42, ErrorMsg:MPI_ERR_NO_SUCH_FILE: no such file or directory
ErrorCode:42, ErrorMsg:MPI_ERR_NO_SUCH_FILE: no such file or directory
ErrorCode:42, ErrorMsg:MPI_ERR_NO_SUCH_FILE: no such file or directory
ErrorCode:42, ErrorMsg:MPI_ERR_NO_SUCH_FILE: no such file or directory
ErrorCode:42, ErrorMsg:MPI_ERR_NO_SUCH_FILE: no such file or directory
ErrorCode:42, ErrorMsg:MPI_ERR_NO_SUCH_FILE: no such file or directory
ErrorCode:42, ErrorMsg:MPI_ERR_NO_SUCH_FILE: no such file or directory
ErrorCode:42, ErrorMsg:MPI_ERR_NO_SUCH_FILE: no such file or directory
ErrorCode:42, ErrorMsg:MPI_ERR_NO_SUCH_FILE: no such file or directory
ErrorCode:42, ErrorMsg:MPI_ERR_NO_SUCH_FILE: no such file or directory
ErrorCode:42, ErrorMsg:MPI_ERR_NO_SUCH_FILE: no such file or directory
ErrorCode:42, ErrorMsg:MPI_ERR_NO_SUCH_FILE: no such file or directory
ErrorCode:42, ErrorMsg:MPI_ERR_NO_SUCH_FILE: no such file or directory
ErrorCode:42, ErrorMsg:MPI_ERR_NO_SUCH_FILE: no such file or directory
ErrorCode:42, ErrorMsg:MPI_ERR_NO_SUCH_FILE: no such file or directory
ErrorCode:42, ErrorMsg:MPI_ERR_NO_SUCH_FILE: no such file or directory
ErrorCode:42, ErrorMsg:MPI_ERR_NO_SUCH_FILE: no such file or directory
ErrorCode:42, ErrorMsg:MPI_ERR_NO_SUCH_FILE: no such file or directory
ErrorCode:42, ErrorMsg:MPI_ERR_NO_SUCH_FILE: no such file or directory
ErrorCode:42, ErrorMsg:MPI_ERR_NO_SUCH_FILE: no such file or directory
ErrorCode:42, ErrorMsg:MPI_ERR_NO_SUCH_FILE: no such file or directory
ErrorCode:35, ErrorMsg:MPI_ERR_IO: input/output error
ErrorCode:35, ErrorMsg:MPI_ERR_IO: input/output error
ErrorCode:42, ErrorMsg:MPI_ERR_NO_SUCH_FILE: no such file or directory
ErrorCode:42, ErrorMsg:MPI_ERR_NO_SUCH_FILE: no such file or directory
ErrorCode:35, ErrorMsg:MPI_ERR_IO: input/output error
ErrorCode:35, ErrorMsg:MPI_ERR_IO: input/output error
ErrorCode:42, ErrorMsg:MPI_ERR_NO_SUCH_FILE: no such file or directory
ErrorCode:35, ErrorMsg:MPI_ERR_IO: input/output error
ErrorCode:35, ErrorMsg:MPI_ERR_IO: input/output error
ErrorCode:35, ErrorMsg:MPI_ERR_IO: input/output error
ErrorCode:35, ErrorMsg:MPI_ERR_IO: input/output error
ErrorCode:42, ErrorMsg:MPI_ERR_NO_SUCH_FILE: no such file or directory
ErrorCode:35, ErrorMsg:MPI_ERR_IO: input/output error
ErrorCode:35, ErrorMsg:MPI_ERR_IO: input/output error
ErrorCode:35, ErrorMsg:MPI_ERR_IO: input/output error
ErrorCode:35, ErrorMsg:MPI_ERR_IO: input/output error
ErrorCode:35, ErrorMsg:MPI_ERR_IO: input/output error
ErrorCode:35, ErrorMsg:MPI_ERR_IO: input/output error
ErrorCode:35, ErrorMsg:MPI_ERR_IO: input/output error
ErrorCode:42, ErrorMsg:MPI_ERR_NO_SUCH_FILE: no such file or directory
ErrorCode:35, ErrorMsg:MPI_ERR_IO: input/output error
ErrorCode:35, ErrorMsg:MPI_ERR_IO: input/output error
ErrorCode:35, ErrorMsg:MPI_ERR_IO: input/output error
ErrorCode:35, ErrorMsg:MPI_ERR_IO: input/output error
ErrorCode:35, ErrorMsg:MPI_ERR_IO: input/output error
ErrorCode:35, ErrorMsg:MPI_ERR_IO: input/output error
ErrorCode:35, ErrorMsg:MPI_ERR_IO: input/output error
ErrorCode:35, ErrorMsg:MPI_ERR_IO: input/output error
ErrorCode:35, ErrorMsg:MPI_ERR_IO: input/output error
ErrorCode:35, ErrorMsg:MPI_ERR_IO: input/output error
	Filename:/mnt/nvme/uid_7236/job_1741128/test0.250000.bin, Blocksize 0.250000 MB, Filesize: 512.000000 MB:
ErrorCode:35, ErrorMsg:MPI_ERR_IO: input/output error
ErrorCode:35, ErrorMsg:MPI_ERR_IO: input/output error
ErrorCode:35, ErrorMsg:MPI_ERR_IO: input/output error
ErrorCode:35, ErrorMsg:MPI_ERR_IO: input/output error
ErrorCode:35, ErrorMsg:MPI_ERR_IO: input/output error
ErrorCode:35, ErrorMsg:MPI_ERR_IO: input/output error
ErrorCode:42, ErrorMsg:MPI_ERR_NO_SUCH_FILE: no such file or directory
ErrorCode:35, ErrorMsg:MPI_ERR_IO: input/output error
		Write:
			0.000009 Seconds
			59795620.437956 MB/S
		Read:
			0.000005 Seconds
			94568542.568543 MB/S
ErrorCode:42, ErrorMsg:MPI_ERR_NO_SUCH_FILE: no such file or directory
ErrorCode:42, ErrorMsg:MPI_ERR_NO_SUCH_FILE: no such file or directory
ErrorCode:42, ErrorMsg:MPI_ERR_NO_SUCH_FILE: no such file or directory
ErrorCode:42, ErrorMsg:MPI_ERR_NO_SUCH_FILE: no such file or directory
ErrorCode:42, ErrorMsg:MPI_ERR_NO_SUCH_FILE: no such file or directory
ErrorCode:42, ErrorMsg:MPI_ERR_NO_SUCH_FILE: no such file or directory
ErrorCode:42, ErrorMsg:MPI_ERR_NO_SUCH_FILE: no such file or directory
ErrorCode:42, ErrorMsg:MPI_ERR_NO_SUCH_FILE: no such file or directory
ErrorCode:42, ErrorMsg:MPI_ERR_NO_SUCH_FILE: no such file or directory
ErrorCode:42, ErrorMsg:MPI_ERR_NO_SUCH_FILE: no such file or directory
ErrorCode:42, ErrorMsg:MPI_ERR_NO_SUCH_FILE: no such file or directory
ErrorCode:42, ErrorMsg:MPI_ERR_NO_SUCH_FILE: no such file or directory
ErrorCode:42, ErrorMsg:MPI_ERR_NO_SUCH_FILE: no such file or directory
ErrorCode:42, ErrorMsg:MPI_ERR_NO_SUCH_FILE: no such file or directory
ErrorCode:42, ErrorMsg:MPI_ERR_NO_SUCH_FILE: no such file or directory
ErrorCode:42, ErrorMsg:MPI_ERR_NO_SUCH_FILE: no such file or directory
ErrorCode:42, ErrorMsg:MPI_ERR_NO_SUCH_FILE: no such file or directory
ErrorCode:42, ErrorMsg:MPI_ERR_NO_SUCH_FILE: no such file or directory
ErrorCode:42, ErrorMsg:MPI_ERR_NO_SUCH_FILE: no such file or directory
ErrorCode:42, ErrorMsg:MPI_ERR_NO_SUCH_FILE: no such file or directory
ErrorCode:42, ErrorMsg:MPI_ERR_NO_SUCH_FILE: no such file or directory
ErrorCode:42, ErrorMsg:MPI_ERR_NO_SUCH_FILE: no such file or directory
ErrorCode:42, ErrorMsg:MPI_ERR_NO_SUCH_FILE: no such file or directory
ErrorCode:42, ErrorMsg:MPI_ERR_NO_SUCH_FILE: no such file or directory
ErrorCode:42, ErrorMsg:MPI_ERR_NO_SUCH_FILE: no such file or directory
ErrorCode:42, ErrorMsg:MPI_ERR_NO_SUCH_FILE: no such file or directory
ErrorCode:42, ErrorMsg:MPI_ERR_NO_SUCH_FILE: no such file or directory
ErrorCode:42, ErrorMsg:MPI_ERR_NO_SUCH_FILE: no such file or directory
ErrorCode:35, ErrorMsg:MPI_ERR_IO: input/output error
ErrorCode:35, ErrorMsg:MPI_ERR_IO: input/output error
ErrorCode:42, ErrorMsg:MPI_ERR_NO_SUCH_FILE: no such file or directory
ErrorCode:35, ErrorMsg:MPI_ERR_IO: input/output error
ErrorCode:35, ErrorMsg:MPI_ERR_IO: input/output error
ErrorCode:35, ErrorMsg:MPI_ERR_IO: input/output error
ErrorCode:35, ErrorMsg:MPI_ERR_IO: input/output error
ErrorCode:42, ErrorMsg:MPI_ERR_NO_SUCH_FILE: no such file or directory
ErrorCode:35, ErrorMsg:MPI_ERR_IO: input/output error
ErrorCode:35, ErrorMsg:MPI_ERR_IO: input/output error
ErrorCode:35, ErrorMsg:MPI_ERR_IO: input/output error
ErrorCode:35, ErrorMsg:MPI_ERR_IO: input/output error
ErrorCode:42, ErrorMsg:MPI_ERR_NO_SUCH_FILE: no such file or directory
ErrorCode:35, ErrorMsg:MPI_ERR_IO: input/output error
ErrorCode:35, ErrorMsg:MPI_ERR_IO: input/output error
ErrorCode:35, ErrorMsg:MPI_ERR_IO: input/output error
ErrorCode:35, ErrorMsg:MPI_ERR_IO: input/output error
ErrorCode:35, ErrorMsg:MPI_ERR_IO: input/output error
ErrorCode:35, ErrorMsg:MPI_ERR_IO: input/output error
ErrorCode:35, ErrorMsg:MPI_ERR_IO: input/output error
ErrorCode:35, ErrorMsg:MPI_ERR_IO: input/output error
ErrorCode:42, ErrorMsg:MPI_ERR_NO_SUCH_FILE: no such file or directory
ErrorCode:35, ErrorMsg:MPI_ERR_IO: input/output error
ErrorCode:35, ErrorMsg:MPI_ERR_IO: input/output error
ErrorCode:35, ErrorMsg:MPI_ERR_IO: input/output error
ErrorCode:35, ErrorMsg:MPI_ERR_IO: input/output error
ErrorCode:35, ErrorMsg:MPI_ERR_IO: input/output error
ErrorCode:35, ErrorMsg:MPI_ERR_IO: input/output error
ErrorCode:35, ErrorMsg:MPI_ERR_IO: input/output error
ErrorCode:35, ErrorMsg:MPI_ERR_IO: input/output error
ErrorCode:35, ErrorMsg:MPI_ERR_IO: input/output error
	Filename:/mnt/nvme/uid_7236/job_1741128/test0.500000.bin, Blocksize 0.500000 MB, Filesize: 1024.000000 MB:
		Write:
			0.000008 Seconds
			136426749.934947 MB/S
ErrorCode:35, ErrorMsg:MPI_ERR_IO: input/output error
ErrorCode:35, ErrorMsg:MPI_ERR_IO: input/output error
ErrorCode:35, ErrorMsg:MPI_ERR_IO: input/output error
ErrorCode:35, ErrorMsg:MPI_ERR_IO: input/output error
ErrorCode:42, ErrorMsg:MPI_ERR_NO_SUCH_FILE: no such file or directory
ErrorCode:35, ErrorMsg:MPI_ERR_IO: input/output error
		Read:
			0.000005 Seconds
			208713375.796178 MB/S
ErrorCode:42, ErrorMsg:MPI_ERR_NO_SUCH_FILE: no such file or directory
ErrorCode:42, ErrorMsg:MPI_ERR_NO_SUCH_FILE: no such file or directory
ErrorCode:42, ErrorMsg:MPI_ERR_NO_SUCH_FILE: no such file or directory
ErrorCode:42, ErrorMsg:MPI_ERR_NO_SUCH_FILE: no such file or directory
ErrorCode:42, ErrorMsg:MPI_ERR_NO_SUCH_FILE: no such file or directory
ErrorCode:42, ErrorMsg:MPI_ERR_NO_SUCH_FILE: no such file or directory
ErrorCode:42, ErrorMsg:MPI_ERR_NO_SUCH_FILE: no such file or directory
ErrorCode:42, ErrorMsg:MPI_ERR_NO_SUCH_FILE: no such file or directory
ErrorCode:42, ErrorMsg:MPI_ERR_NO_SUCH_FILE: no such file or directory
ErrorCode:42, ErrorMsg:MPI_ERR_NO_SUCH_FILE: no such file or directory
ErrorCode:42, ErrorMsg:MPI_ERR_NO_SUCH_FILE: no such file or directory
ErrorCode:42, ErrorMsg:MPI_ERR_NO_SUCH_FILE: no such file or directory
ErrorCode:42, ErrorMsg:MPI_ERR_NO_SUCH_FILE: no such file or directory
ErrorCode:42, ErrorMsg:MPI_ERR_NO_SUCH_FILE: no such file or directory
ErrorCode:42, ErrorMsg:MPI_ERR_NO_SUCH_FILE: no such file or directory
ErrorCode:42, ErrorMsg:MPI_ERR_NO_SUCH_FILE: no such file or directory
ErrorCode:42, ErrorMsg:MPI_ERR_NO_SUCH_FILE: no such file or directory
ErrorCode:42, ErrorMsg:MPI_ERR_NO_SUCH_FILE: no such file or directory
ErrorCode:42, ErrorMsg:MPI_ERR_NO_SUCH_FILE: no such file or directory
ErrorCode:42, ErrorMsg:MPI_ERR_NO_SUCH_FILE: no such file or directory
ErrorCode:42, ErrorMsg:MPI_ERR_NO_SUCH_FILE: no such file or directory
ErrorCode:42, ErrorMsg:MPI_ERR_NO_SUCH_FILE: no such file or directory
ErrorCode:42, ErrorMsg:MPI_ERR_NO_SUCH_FILE: no such file or directory
ErrorCode:42, ErrorMsg:MPI_ERR_NO_SUCH_FILE: no such file or directory
ErrorCode:42, ErrorMsg:MPI_ERR_NO_SUCH_FILE: no such file or directory
ErrorCode:35, ErrorMsg:MPI_ERR_IO: input/output error
ErrorCode:42, ErrorMsg:MPI_ERR_NO_SUCH_FILE: no such file or directory
ErrorCode:35, ErrorMsg:MPI_ERR_IO: input/output error
ErrorCode:42, ErrorMsg:MPI_ERR_NO_SUCH_FILE: no such file or directory
ErrorCode:35, ErrorMsg:MPI_ERR_IO: input/output error
ErrorCode:35, ErrorMsg:MPI_ERR_IO: input/output error
ErrorCode:35, ErrorMsg:MPI_ERR_IO: input/output error
ErrorCode:35, ErrorMsg:MPI_ERR_IO: input/output error
ErrorCode:35, ErrorMsg:MPI_ERR_IO: input/output error
ErrorCode:35, ErrorMsg:MPI_ERR_IO: input/output error
ErrorCode:35, ErrorMsg:MPI_ERR_IO: input/output error
ErrorCode:35, ErrorMsg:MPI_ERR_IO: input/output error
ErrorCode:35, ErrorMsg:MPI_ERR_IO: input/output error
ErrorCode:35, ErrorMsg:MPI_ERR_IO: input/output error
ErrorCode:35, ErrorMsg:MPI_ERR_IO: input/output error
ErrorCode:42, ErrorMsg:MPI_ERR_NO_SUCH_FILE: no such file or directory
ErrorCode:35, ErrorMsg:MPI_ERR_IO: input/output error
ErrorCode:42, ErrorMsg:MPI_ERR_NO_SUCH_FILE: no such file or directory
ErrorCode:35, ErrorMsg:MPI_ERR_IO: input/output error
	Filename:/mnt/nvme/uid_7236/job_1741128/test1.000000.bin, Blocksize 1.000000 MB, Filesize: 2048.000000 MB:
ErrorCode:35, ErrorMsg:MPI_ERR_IO: input/output error
ErrorCode:35, ErrorMsg:MPI_ERR_IO: input/output error
ErrorCode:35, ErrorMsg:MPI_ERR_IO: input/output error
ErrorCode:35, ErrorMsg:MPI_ERR_IO: input/output error
ErrorCode:42, ErrorMsg:MPI_ERR_NO_SUCH_FILE: no such file or directory
ErrorCode:35, ErrorMsg:MPI_ERR_IO: input/output error
ErrorCode:35, ErrorMsg:MPI_ERR_IO: input/output error
ErrorCode:35, ErrorMsg:MPI_ERR_IO: input/output error
ErrorCode:35, ErrorMsg:MPI_ERR_IO: input/output error
ErrorCode:35, ErrorMsg:MPI_ERR_IO: input/output error
ErrorCode:35, ErrorMsg:MPI_ERR_IO: input/output error
ErrorCode:35, ErrorMsg:MPI_ERR_IO: input/output error
ErrorCode:35, ErrorMsg:MPI_ERR_IO: input/output error
ErrorCode:35, ErrorMsg:MPI_ERR_IO: input/output error
ErrorCode:35, ErrorMsg:MPI_ERR_IO: input/output error
ErrorCode:35, ErrorMsg:MPI_ERR_IO: input/output error
ErrorCode:35, ErrorMsg:MPI_ERR_IO: input/output error
ErrorCode:42, ErrorMsg:MPI_ERR_NO_SUCH_FILE: no such file or directory
ErrorCode:35, ErrorMsg:MPI_ERR_IO: input/output error
		Write:
			0.000005 Seconds
			381855790.240350 MB/S
		Read:
			0.000009 Seconds
			222438693.254137 MB/S
ErrorCode:42, ErrorMsg:MPI_ERR_NO_SUCH_FILE: no such file or directory
ErrorCode:42, ErrorMsg:MPI_ERR_NO_SUCH_FILE: no such file or directory
ErrorCode:42, ErrorMsg:MPI_ERR_NO_SUCH_FILE: no such file or directory
ErrorCode:42, ErrorMsg:MPI_ERR_NO_SUCH_FILE: no such file or directory
ErrorCode:42, ErrorMsg:MPI_ERR_NO_SUCH_FILE: no such file or directory
ErrorCode:42, ErrorMsg:MPI_ERR_NO_SUCH_FILE: no such file or directory
ErrorCode:42, ErrorMsg:MPI_ERR_NO_SUCH_FILE: no such file or directory
ErrorCode:42, ErrorMsg:MPI_ERR_NO_SUCH_FILE: no such file or directory
ErrorCode:42, ErrorMsg:MPI_ERR_NO_SUCH_FILE: no such file or directory
ErrorCode:42, ErrorMsg:MPI_ERR_NO_SUCH_FILE: no such file or directory
ErrorCode:42, ErrorMsg:MPI_ERR_NO_SUCH_FILE: no such file or directory
ErrorCode:42, ErrorMsg:MPI_ERR_NO_SUCH_FILE: no such file or directory
ErrorCode:42, ErrorMsg:MPI_ERR_NO_SUCH_FILE: no such file or directory
ErrorCode:42, ErrorMsg:MPI_ERR_NO_SUCH_FILE: no such file or directory
ErrorCode:42, ErrorMsg:MPI_ERR_NO_SUCH_FILE: no such file or directory
ErrorCode:42, ErrorMsg:MPI_ERR_NO_SUCH_FILE: no such file or directory
ErrorCode:42, ErrorMsg:MPI_ERR_NO_SUCH_FILE: no such file or directory
ErrorCode:42, ErrorMsg:MPI_ERR_NO_SUCH_FILE: no such file or directory
ErrorCode:42, ErrorMsg:MPI_ERR_NO_SUCH_FILE: no such file or directory
ErrorCode:42, ErrorMsg:MPI_ERR_NO_SUCH_FILE: no such file or directory
ErrorCode:42, ErrorMsg:MPI_ERR_NO_SUCH_FILE: no such file or directory
ErrorCode:42, ErrorMsg:MPI_ERR_NO_SUCH_FILE: no such file or directory
ErrorCode:42, ErrorMsg:MPI_ERR_NO_SUCH_FILE: no such file or directory
ErrorCode:42, ErrorMsg:MPI_ERR_NO_SUCH_FILE: no such file or directory
ErrorCode:42, ErrorMsg:MPI_ERR_NO_SUCH_FILE: no such file or directory
ErrorCode:42, ErrorMsg:MPI_ERR_NO_SUCH_FILE: no such file or directory
ErrorCode:42, ErrorMsg:MPI_ERR_NO_SUCH_FILE: no such file or directory
ErrorCode:42, ErrorMsg:MPI_ERR_NO_SUCH_FILE: no such file or directory
ErrorCode:35, ErrorMsg:MPI_ERR_IO: input/output error
ErrorCode:35, ErrorMsg:MPI_ERR_IO: input/output error
ErrorCode:35, ErrorMsg:MPI_ERR_IO: input/output error
ErrorCode:42, ErrorMsg:MPI_ERR_NO_SUCH_FILE: no such file or directory
ErrorCode:35, ErrorMsg:MPI_ERR_IO: input/output error
ErrorCode:42, ErrorMsg:MPI_ERR_NO_SUCH_FILE: no such file or directory
ErrorCode:35, ErrorMsg:MPI_ERR_IO: input/output error
ErrorCode:35, ErrorMsg:MPI_ERR_IO: input/output error
ErrorCode:35, ErrorMsg:MPI_ERR_IO: input/output error
ErrorCode:35, ErrorMsg:MPI_ERR_IO: input/output error
ErrorCode:35, ErrorMsg:MPI_ERR_IO: input/output error
ErrorCode:42, ErrorMsg:MPI_ERR_NO_SUCH_FILE: no such file or directory
ErrorCode:35, ErrorMsg:MPI_ERR_IO: input/output error
ErrorCode:35, ErrorMsg:MPI_ERR_IO: input/output error
ErrorCode:35, ErrorMsg:MPI_ERR_IO: input/output error
ErrorCode:35, ErrorMsg:MPI_ERR_IO: input/output error
ErrorCode:35, ErrorMsg:MPI_ERR_IO: input/output error
ErrorCode:35, ErrorMsg:MPI_ERR_IO: input/output error
ErrorCode:35, ErrorMsg:MPI_ERR_IO: input/output error
	Filename:/mnt/nvme/uid_7236/job_1741128/test2.000000.bin, Blocksize 2.000000 MB, Filesize: 4096.000000 MB:
ErrorCode:35, ErrorMsg:MPI_ERR_IO: input/output error
ErrorCode:35, ErrorMsg:MPI_ERR_IO: input/output error
ErrorCode:35, ErrorMsg:MPI_ERR_IO: input/output error
ErrorCode:35, ErrorMsg:MPI_ERR_IO: input/output error
ErrorCode:35, ErrorMsg:MPI_ERR_IO: input/output error
ErrorCode:35, ErrorMsg:MPI_ERR_IO: input/output error
ErrorCode:35, ErrorMsg:MPI_ERR_IO: input/output error
ErrorCode:35, ErrorMsg:MPI_ERR_IO: input/output error
ErrorCode:35, ErrorMsg:MPI_ERR_IO: input/output error
ErrorCode:35, ErrorMsg:MPI_ERR_IO: input/output error
ErrorCode:35, ErrorMsg:MPI_ERR_IO: input/output error
ErrorCode:35, ErrorMsg:MPI_ERR_IO: input/output error
ErrorCode:35, ErrorMsg:MPI_ERR_IO: input/output error
ErrorCode:35, ErrorMsg:MPI_ERR_IO: input/output error
ErrorCode:35, ErrorMsg:MPI_ERR_IO: input/output error
ErrorCode:42, ErrorMsg:MPI_ERR_NO_SUCH_FILE: no such file or directory
ErrorCode:35, ErrorMsg:MPI_ERR_IO: input/output error
		Write:
			0.000007 Seconds
			600387059.833954 MB/S
		Read:
			0.000005 Seconds
			748982857.142857 MB/S
ErrorCode:42, ErrorMsg:MPI_ERR_NO_SUCH_FILE: no such file or directory
ErrorCode:42, ErrorMsg:MPI_ERR_NO_SUCH_FILE: no such file or directory
ErrorCode:42, ErrorMsg:MPI_ERR_NO_SUCH_FILE: no such file or directory
ErrorCode:42, ErrorMsg:MPI_ERR_NO_SUCH_FILE: no such file or directory
ErrorCode:42, ErrorMsg:MPI_ERR_NO_SUCH_FILE: no such file or directory
ErrorCode:42, ErrorMsg:MPI_ERR_NO_SUCH_FILE: no such file or directory
ErrorCode:42, ErrorMsg:MPI_ERR_NO_SUCH_FILE: no such file or directory
ErrorCode:42, ErrorMsg:MPI_ERR_NO_SUCH_FILE: no such file or directory
ErrorCode:42, ErrorMsg:MPI_ERR_NO_SUCH_FILE: no such file or directory
ErrorCode:42, ErrorMsg:MPI_ERR_NO_SUCH_FILE: no such file or directory
ErrorCode:42, ErrorMsg:MPI_ERR_NO_SUCH_FILE: no such file or directory
ErrorCode:42, ErrorMsg:MPI_ERR_NO_SUCH_FILE: no such file or directory
ErrorCode:42, ErrorMsg:MPI_ERR_NO_SUCH_FILE: no such file or directory
ErrorCode:42, ErrorMsg:MPI_ERR_NO_SUCH_FILE: no such file or directory
ErrorCode:42, ErrorMsg:MPI_ERR_NO_SUCH_FILE: no such file or directory
ErrorCode:42, ErrorMsg:MPI_ERR_NO_SUCH_FILE: no such file or directory
ErrorCode:42, ErrorMsg:MPI_ERR_NO_SUCH_FILE: no such file or directory
ErrorCode:42, ErrorMsg:MPI_ERR_NO_SUCH_FILE: no such file or directory
ErrorCode:42, ErrorMsg:MPI_ERR_NO_SUCH_FILE: no such file or directory
ErrorCode:42, ErrorMsg:MPI_ERR_NO_SUCH_FILE: no such file or directory
ErrorCode:42, ErrorMsg:MPI_ERR_NO_SUCH_FILE: no such file or directory
ErrorCode:42, ErrorMsg:MPI_ERR_NO_SUCH_FILE: no such file or directory
ErrorCode:42, ErrorMsg:MPI_ERR_NO_SUCH_FILE: no such file or directory
ErrorCode:42, ErrorMsg:MPI_ERR_NO_SUCH_FILE: no such file or directory
ErrorCode:42, ErrorMsg:MPI_ERR_NO_SUCH_FILE: no such file or directory
ErrorCode:42, ErrorMsg:MPI_ERR_NO_SUCH_FILE: no such file or directory
ErrorCode:42, ErrorMsg:MPI_ERR_NO_SUCH_FILE: no such file or directory
ErrorCode:42, ErrorMsg:MPI_ERR_NO_SUCH_FILE: no such file or directory
ErrorCode:35, ErrorMsg:MPI_ERR_IO: input/output error
ErrorCode:35, ErrorMsg:MPI_ERR_IO: input/output error
ErrorCode:35, ErrorMsg:MPI_ERR_IO: input/output error
ErrorCode:35, ErrorMsg:MPI_ERR_IO: input/output error
ErrorCode:35, ErrorMsg:MPI_ERR_IO: input/output error
ErrorCode:35, ErrorMsg:MPI_ERR_IO: input/output error
	Filename:/mnt/nvme/uid_7236/job_1741128/test4.000000.bin, Blocksize 4.000000 MB, Filesize: 8192.000000 MB:
ErrorCode:42, ErrorMsg:MPI_ERR_NO_SUCH_FILE: no such file or directory
ErrorCode:35, ErrorMsg:MPI_ERR_IO: input/output error
ErrorCode:42, ErrorMsg:MPI_ERR_NO_SUCH_FILE: no such file or directory
ErrorCode:35, ErrorMsg:MPI_ERR_IO: input/output error
ErrorCode:35, ErrorMsg:MPI_ERR_IO: input/output error
ErrorCode:35, ErrorMsg:MPI_ERR_IO: input/output error
ErrorCode:35, ErrorMsg:MPI_ERR_IO: input/output error
ErrorCode:35, ErrorMsg:MPI_ERR_IO: input/output error
ErrorCode:35, ErrorMsg:MPI_ERR_IO: input/output error
ErrorCode:35, ErrorMsg:MPI_ERR_IO: input/output error
ErrorCode:35, ErrorMsg:MPI_ERR_IO: input/output error
ErrorCode:42, ErrorMsg:MPI_ERR_NO_SUCH_FILE: no such file or directory
ErrorCode:35, ErrorMsg:MPI_ERR_IO: input/output error
ErrorCode:35, ErrorMsg:MPI_ERR_IO: input/output error
ErrorCode:35, ErrorMsg:MPI_ERR_IO: input/output error
ErrorCode:35, ErrorMsg:MPI_ERR_IO: input/output error
ErrorCode:35, ErrorMsg:MPI_ERR_IO: input/output error
ErrorCode:35, ErrorMsg:MPI_ERR_IO: input/output error
ErrorCode:42, ErrorMsg:MPI_ERR_NO_SUCH_FILE: no such file or directory
ErrorCode:35, ErrorMsg:MPI_ERR_IO: input/output error
ErrorCode:35, ErrorMsg:MPI_ERR_IO: input/output error
ErrorCode:35, ErrorMsg:MPI_ERR_IO: input/output error
ErrorCode:35, ErrorMsg:MPI_ERR_IO: input/output error
ErrorCode:35, ErrorMsg:MPI_ERR_IO: input/output error
ErrorCode:35, ErrorMsg:MPI_ERR_IO: input/output error
ErrorCode:35, ErrorMsg:MPI_ERR_IO: input/output error
ErrorCode:35, ErrorMsg:MPI_ERR_IO: input/output error
ErrorCode:35, ErrorMsg:MPI_ERR_IO: input/output error
ErrorCode:35, ErrorMsg:MPI_ERR_IO: input/output error
ErrorCode:42, ErrorMsg:MPI_ERR_NO_SUCH_FILE: no such file or directory
ErrorCode:35, ErrorMsg:MPI_ERR_IO: input/output error
		Write:
			0.000010 Seconds
			793024012.100586 MB/S
		Read:
			0.000005 Seconds
			1536938072.554049 MB/S
ErrorCode:42, ErrorMsg:MPI_ERR_NO_SUCH_FILE: no such file or directory
ErrorCode:42, ErrorMsg:MPI_ERR_NO_SUCH_FILE: no such file or directory
ErrorCode:42, ErrorMsg:MPI_ERR_NO_SUCH_FILE: no such file or directory
ErrorCode:42, ErrorMsg:MPI_ERR_NO_SUCH_FILE: no such file or directory
ErrorCode:42, ErrorMsg:MPI_ERR_NO_SUCH_FILE: no such file or directory
ErrorCode:42, ErrorMsg:MPI_ERR_NO_SUCH_FILE: no such file or directory
ErrorCode:42, ErrorMsg:MPI_ERR_NO_SUCH_FILE: no such file or directory
ErrorCode:42, ErrorMsg:MPI_ERR_NO_SUCH_FILE: no such file or directory
ErrorCode:42, ErrorMsg:MPI_ERR_NO_SUCH_FILE: no such file or directory
ErrorCode:42, ErrorMsg:MPI_ERR_NO_SUCH_FILE: no such file or directory
ErrorCode:42, ErrorMsg:MPI_ERR_NO_SUCH_FILE: no such file or directory
ErrorCode:42, ErrorMsg:MPI_ERR_NO_SUCH_FILE: no such file or directory
ErrorCode:42, ErrorMsg:MPI_ERR_NO_SUCH_FILE: no such file or directory
ErrorCode:42, ErrorMsg:MPI_ERR_NO_SUCH_FILE: no such file or directory
ErrorCode:42, ErrorMsg:MPI_ERR_NO_SUCH_FILE: no such file or directory
ErrorCode:42, ErrorMsg:MPI_ERR_NO_SUCH_FILE: no such file or directory
ErrorCode:42, ErrorMsg:MPI_ERR_NO_SUCH_FILE: no such file or directory
ErrorCode:42, ErrorMsg:MPI_ERR_NO_SUCH_FILE: no such file or directory
ErrorCode:42, ErrorMsg:MPI_ERR_NO_SUCH_FILE: no such file or directory
ErrorCode:42, ErrorMsg:MPI_ERR_NO_SUCH_FILE: no such file or directory
ErrorCode:42, ErrorMsg:MPI_ERR_NO_SUCH_FILE: no such file or directory
ErrorCode:42, ErrorMsg:MPI_ERR_NO_SUCH_FILE: no such file or directory
ErrorCode:42, ErrorMsg:MPI_ERR_NO_SUCH_FILE: no such file or directory
ErrorCode:42, ErrorMsg:MPI_ERR_NO_SUCH_FILE: no such file or directory
ErrorCode:42, ErrorMsg:MPI_ERR_NO_SUCH_FILE: no such file or directory
ErrorCode:42, ErrorMsg:MPI_ERR_NO_SUCH_FILE: no such file or directory
ErrorCode:42, ErrorMsg:MPI_ERR_NO_SUCH_FILE: no such file or directory
ErrorCode:35, ErrorMsg:MPI_ERR_IO: input/output error
ErrorCode:35, ErrorMsg:MPI_ERR_IO: input/output error
ErrorCode:35, ErrorMsg:MPI_ERR_IO: input/output error
ErrorCode:35, ErrorMsg:MPI_ERR_IO: input/output error
ErrorCode:35, ErrorMsg:MPI_ERR_IO: input/output error
ErrorCode:35, ErrorMsg:MPI_ERR_IO: input/output error
ErrorCode:35, ErrorMsg:MPI_ERR_IO: input/output error
ErrorCode:35, ErrorMsg:MPI_ERR_IO: input/output error
ErrorCode:42, ErrorMsg:MPI_ERR_NO_SUCH_FILE: no such file or directory
ErrorCode:35, ErrorMsg:MPI_ERR_IO: input/output error
ErrorCode:35, ErrorMsg:MPI_ERR_IO: input/output error
ErrorCode:35, ErrorMsg:MPI_ERR_IO: input/output error
ErrorCode:35, ErrorMsg:MPI_ERR_IO: input/output error
ErrorCode:35, ErrorMsg:MPI_ERR_IO: input/output error
ErrorCode:35, ErrorMsg:MPI_ERR_IO: input/output error
ErrorCode:35, ErrorMsg:MPI_ERR_IO: input/output error
ErrorCode:35, ErrorMsg:MPI_ERR_IO: input/output error
ErrorCode:35, ErrorMsg:MPI_ERR_IO: input/output error
ErrorCode:35, ErrorMsg:MPI_ERR_IO: input/output error
ErrorCode:35, ErrorMsg:MPI_ERR_IO: input/output error
ErrorCode:35, ErrorMsg:MPI_ERR_IO: input/output error
ErrorCode:35, ErrorMsg:MPI_ERR_IO: input/output error
ErrorCode:42, ErrorMsg:MPI_ERR_NO_SUCH_FILE: no such file or directory
ErrorCode:35, ErrorMsg:MPI_ERR_IO: input/output error
ErrorCode:35, ErrorMsg:MPI_ERR_IO: input/output error
ErrorCode:35, ErrorMsg:MPI_ERR_IO: input/output error
	Filename:/mnt/nvme/uid_7236/job_1741128/test8.000000.bin, Blocksize 8.000000 MB, Filesize: 16384.000000 MB:
		Write:
			0.000010 Seconds
			1623496806.657635 MB/S
		Read:
			0.000005 Seconds
			3370272398.553636 MB/S
ErrorCode:35, ErrorMsg:MPI_ERR_IO: input/output error
ErrorCode:35, ErrorMsg:MPI_ERR_IO: input/output error
ErrorCode:35, ErrorMsg:MPI_ERR_IO: input/output error
ErrorCode:35, ErrorMsg:MPI_ERR_IO: input/output error
ErrorCode:35, ErrorMsg:MPI_ERR_IO: input/output error
ErrorCode:35, ErrorMsg:MPI_ERR_IO: input/output error
ErrorCode:35, ErrorMsg:MPI_ERR_IO: input/output error
ErrorCode:35, ErrorMsg:MPI_ERR_IO: input/output error
ErrorCode:42, ErrorMsg:MPI_ERR_NO_SUCH_FILE: no such file or directory
ErrorCode:42, ErrorMsg:MPI_ERR_NO_SUCH_FILE: no such file or directory
ErrorCode:42, ErrorMsg:MPI_ERR_NO_SUCH_FILE: no such file or directory
ErrorCode:42, ErrorMsg:MPI_ERR_NO_SUCH_FILE: no such file or directory
ErrorCode:42, ErrorMsg:MPI_ERR_NO_SUCH_FILE: no such file or directory
ErrorCode:42, ErrorMsg:MPI_ERR_NO_SUCH_FILE: no such file or directory
ErrorCode:42, ErrorMsg:MPI_ERR_NO_SUCH_FILE: no such file or directory
ErrorCode:42, ErrorMsg:MPI_ERR_NO_SUCH_FILE: no such file or directory
ErrorCode:42, ErrorMsg:MPI_ERR_NO_SUCH_FILE: no such file or directory
ErrorCode:42, ErrorMsg:MPI_ERR_NO_SUCH_FILE: no such file or directory
ErrorCode:42, ErrorMsg:MPI_ERR_NO_SUCH_FILE: no such file or directory
ErrorCode:42, ErrorMsg:MPI_ERR_NO_SUCH_FILE: no such file or directory
ErrorCode:42, ErrorMsg:MPI_ERR_NO_SUCH_FILE: no such file or directory
ErrorCode:42, ErrorMsg:MPI_ERR_NO_SUCH_FILE: no such file or directory
ErrorCode:42, ErrorMsg:MPI_ERR_NO_SUCH_FILE: no such file or directory
ErrorCode:42, ErrorMsg:MPI_ERR_NO_SUCH_FILE: no such file or directory
ErrorCode:42, ErrorMsg:MPI_ERR_NO_SUCH_FILE: no such file or directory
ErrorCode:42, ErrorMsg:MPI_ERR_NO_SUCH_FILE: no such file or directory
ErrorCode:42, ErrorMsg:MPI_ERR_NO_SUCH_FILE: no such file or directory
ErrorCode:42, ErrorMsg:MPI_ERR_NO_SUCH_FILE: no such file or directory
ErrorCode:42, ErrorMsg:MPI_ERR_NO_SUCH_FILE: no such file or directory
ErrorCode:42, ErrorMsg:MPI_ERR_NO_SUCH_FILE: no such file or directory
ErrorCode:42, ErrorMsg:MPI_ERR_NO_SUCH_FILE: no such file or directory
ErrorCode:42, ErrorMsg:MPI_ERR_NO_SUCH_FILE: no such file or directory
ErrorCode:42, ErrorMsg:MPI_ERR_NO_SUCH_FILE: no such file or directory
ErrorCode:42, ErrorMsg:MPI_ERR_NO_SUCH_FILE: no such file or directory
ErrorCode:42, ErrorMsg:MPI_ERR_NO_SUCH_FILE: no such file or directory
ErrorCode:42, ErrorMsg:MPI_ERR_NO_SUCH_FILE: no such file or directory
ErrorCode:42, ErrorMsg:MPI_ERR_NO_SUCH_FILE: no such file or directory
ErrorCode:42, ErrorMsg:MPI_ERR_NO_SUCH_FILE: no such file or directory
ErrorCode:35, ErrorMsg:MPI_ERR_IO: input/output error
ErrorCode:35, ErrorMsg:MPI_ERR_IO: input/output error
ErrorCode:35, ErrorMsg:MPI_ERR_IO: input/output error
ErrorCode:42, ErrorMsg:MPI_ERR_NO_SUCH_FILE: no such file or directory
ErrorCode:42, ErrorMsg:MPI_ERR_NO_SUCH_FILE: no such file or directory
ErrorCode:35, ErrorMsg:MPI_ERR_IO: input/output error
ErrorCode:35, ErrorMsg:MPI_ERR_IO: input/output error
ErrorCode:42, ErrorMsg:MPI_ERR_NO_SUCH_FILE: no such file or directory
ErrorCode:35, ErrorMsg:MPI_ERR_IO: input/output error
ErrorCode:35, ErrorMsg:MPI_ERR_IO: input/output error
ErrorCode:35, ErrorMsg:MPI_ERR_IO: input/output error
ErrorCode:35, ErrorMsg:MPI_ERR_IO: input/output error
ErrorCode:35, ErrorMsg:MPI_ERR_IO: input/output error
ErrorCode:35, ErrorMsg:MPI_ERR_IO: input/output error
ErrorCode:35, ErrorMsg:MPI_ERR_IO: input/output error
ErrorCode:42, ErrorMsg:MPI_ERR_NO_SUCH_FILE: no such file or directory
ErrorCode:35, ErrorMsg:MPI_ERR_IO: input/output error
ErrorCode:35, ErrorMsg:MPI_ERR_IO: input/output error
ErrorCode:35, ErrorMsg:MPI_ERR_IO: input/output error
ErrorCode:35, ErrorMsg:MPI_ERR_IO: input/output error
	Filename:/mnt/nvme/uid_7236/job_1741128/test16.000000.bin, Blocksize 16.000000 MB, Filesize: 32768.000000 MB:
ErrorCode:35, ErrorMsg:MPI_ERR_IO: input/output error
ErrorCode:35, ErrorMsg:MPI_ERR_IO: input/output error
ErrorCode:35, ErrorMsg:MPI_ERR_IO: input/output error
ErrorCode:35, ErrorMsg:MPI_ERR_IO: input/output error
ErrorCode:35, ErrorMsg:MPI_ERR_IO: input/output error
ErrorCode:35, ErrorMsg:MPI_ERR_IO: input/output error
ErrorCode:35, ErrorMsg:MPI_ERR_IO: input/output error
ErrorCode:35, ErrorMsg:MPI_ERR_IO: input/output error
ErrorCode:35, ErrorMsg:MPI_ERR_IO: input/output error
ErrorCode:35, ErrorMsg:MPI_ERR_IO: input/output error
ErrorCode:35, ErrorMsg:MPI_ERR_IO: input/output error
ErrorCode:35, ErrorMsg:MPI_ERR_IO: input/output error
ErrorCode:35, ErrorMsg:MPI_ERR_IO: input/output error
ErrorCode:35, ErrorMsg:MPI_ERR_IO: input/output error
ErrorCode:35, ErrorMsg:MPI_ERR_IO: input/output error
ErrorCode:42, ErrorMsg:MPI_ERR_NO_SUCH_FILE: no such file or directory
		Write:
			0.000007 Seconds
			4478701548.318206 MB/S
		Read:
			0.000009 Seconds
			3483641196.013289 MB/S
ErrorCode:35, ErrorMsg:MPI_ERR_IO: input/output error
ErrorCode:42, ErrorMsg:MPI_ERR_NO_SUCH_FILE: no such file or directory
ErrorCode:42, ErrorMsg:MPI_ERR_NO_SUCH_FILE: no such file or directory
ErrorCode:42, ErrorMsg:MPI_ERR_NO_SUCH_FILE: no such file or directory
ErrorCode:42, ErrorMsg:MPI_ERR_NO_SUCH_FILE: no such file or directory
ErrorCode:42, ErrorMsg:MPI_ERR_NO_SUCH_FILE: no such file or directory
ErrorCode:42, ErrorMsg:MPI_ERR_NO_SUCH_FILE: no such file or directory
ErrorCode:42, ErrorMsg:MPI_ERR_NO_SUCH_FILE: no such file or directory
ErrorCode:42, ErrorMsg:MPI_ERR_NO_SUCH_FILE: no such file or directory
ErrorCode:42, ErrorMsg:MPI_ERR_NO_SUCH_FILE: no such file or directory
ErrorCode:42, ErrorMsg:MPI_ERR_NO_SUCH_FILE: no such file or directory
ErrorCode:42, ErrorMsg:MPI_ERR_NO_SUCH_FILE: no such file or directory
ErrorCode:42, ErrorMsg:MPI_ERR_NO_SUCH_FILE: no such file or directory
ErrorCode:42, ErrorMsg:MPI_ERR_NO_SUCH_FILE: no such file or directory
ErrorCode:42, ErrorMsg:MPI_ERR_NO_SUCH_FILE: no such file or directory
ErrorCode:42, ErrorMsg:MPI_ERR_NO_SUCH_FILE: no such file or directory
ErrorCode:42, ErrorMsg:MPI_ERR_NO_SUCH_FILE: no such file or directory
ErrorCode:42, ErrorMsg:MPI_ERR_NO_SUCH_FILE: no such file or directory
ErrorCode:42, ErrorMsg:MPI_ERR_NO_SUCH_FILE: no such file or directory
ErrorCode:42, ErrorMsg:MPI_ERR_NO_SUCH_FILE: no such file or directory
ErrorCode:42, ErrorMsg:MPI_ERR_NO_SUCH_FILE: no such file or directory
ErrorCode:42, ErrorMsg:MPI_ERR_NO_SUCH_FILE: no such file or directory
ErrorCode:42, ErrorMsg:MPI_ERR_NO_SUCH_FILE: no such file or directory
ErrorCode:42, ErrorMsg:MPI_ERR_NO_SUCH_FILE: no such file or directory
ErrorCode:42, ErrorMsg:MPI_ERR_NO_SUCH_FILE: no such file or directory
ErrorCode:42, ErrorMsg:MPI_ERR_NO_SUCH_FILE: no such file or directory
ErrorCode:42, ErrorMsg:MPI_ERR_NO_SUCH_FILE: no such file or directory
ErrorCode:42, ErrorMsg:MPI_ERR_NO_SUCH_FILE: no such file or directory
+ rm /tmp/hosts.1741128
